#
# A fatal error has been detected by the Java Runtime Environment:
#
#  SIGSEGV (0xb) at pc=0x00000001095bcaf4, pid=1559, tid=7939
#
# JRE version: OpenJDK Runtime Environment (13.0.2+8) (build 13.0.2+8)
# Java VM: OpenJDK 64-Bit Server VM (13.0.2+8, mixed mode, sharing, tiered, compressed oops, g1 gc, bsd-amd64)
# Problematic frame:
# V  [libjvm.dylib+0x7bcaf4]  EnableIf<HasDecorator<1097844ull, MO_UNORDERED>::value, oopDesc*>::type RawAccessBarrier<1097844ull>::load_internal<1097844ull, oopDesc*>(void*)+0x4
#
# No core dump will be written. Core dumps have been disabled. To enable core dumping, try "ulimit -c unlimited" before starting Java again
#
# If you would like to submit a bug report, please visit:
#   http://bugreport.java.com/bugreport/crash.jsp
#

---------------  S U M M A R Y ------------

Command Line: -Dfile.encoding=UTF-8 org.apache.catalina.startup.Tomcat$1

Host: MacBookAir8,1 x86_64 1600 MHz, 4 cores, 8G, Darwin 18.7.0
Time: Tue May  5 16:29:07 2020 JST elapsed time: 0 seconds (0d 0h 0m 0s)

---------------  T H R E A D  ---------------

Current thread (0x00007f9c54802800):  JavaThread "main" [_thread_in_vm, id=7939, stack(0x000070000fdfb000,0x000070000fefb000)]

Stack: [0x000070000fdfb000,0x000070000fefb000],  sp=0x000070000fefad10,  free space=1023k
Native frames: (J=compiled Java code, A=aot compiled Java code, j=interpreted, Vv=VM code, C=native code)
V  [libjvm.dylib+0x7bcaf4]  EnableIf<HasDecorator<1097844ull, MO_UNORDERED>::value, oopDesc*>::type RawAccessBarrier<1097844ull>::load_internal<1097844ull, oopDesc*>(void*)+0x4
V  [libjvm.dylib+0x7bcab9]  oopDesc* RawAccessBarrier<1097844ull>::oop_load<oopDesc*>(void*)+0x9
V  [libjvm.dylib+0x7bcb2b]  oopDesc* G1BarrierSet::AccessBarrier<1097844ull, G1BarrierSet>::oop_load_not_in_heap<oopDesc*>(oopDesc**)+0xb
V  [libjvm.dylib+0x3ed98c]  jni_GetStringUTFChars+0xde
C  [libjli.dylib+0x906c]  PostJVMInit+0xa6
C  [libjli.dylib+0x6a65]  JavaMain+0xa41
C  [libjli.dylib+0x8d1b]  ThreadJavaMain+0x9
C  [libsystem_pthread.dylib+0x32eb]  _pthread_body+0x7e
C  [libsystem_pthread.dylib+0x6249]  _pthread_start+0x42
C  [libsystem_pthread.dylib+0x240d]  thread_start+0xd


siginfo: si_signo: 11 (SIGSEGV), si_code: 1 (SEGV_MAPERR), si_addr: 0x0000000000000000

Register to memory mapping:

RAX=0x0 is NULL
RBX=0x00007f9c54802b10 points into unknown readable memory: 20 ba 7b 09 01 00 00 00
RCX=0x00000001097bba20: jni_NativeInterface+0 in /usr/local/Cellar/openjdk/13.0.2+8_2/libexec/openjdk.jdk/Contents/Home/lib/server/libjvm.dylib at 0x0000000108e00000
RDX=0x0 is NULL
RSP=0x000070000fefad10 is pointing into the stack for thread: 0x00007f9c54802800
RBP=0x000070000fefad10 is pointing into the stack for thread: 0x00007f9c54802800
RSI=0x0 is NULL
RDI=0x0 is NULL
R8 =0x0 is NULL
R9 =0x0 is NULL
R10=0x0000000109837ad0: _ZN19TemplateInterpreter13_active_tableE+0x4800 in /usr/local/Cellar/openjdk/13.0.2+8_2/libexec/openjdk.jdk/Contents/Home/lib/server/libjvm.dylib at 0x0000000108e00000
R11=0x00000008009dec00 is pointing into metadata
R12=0x00007f9c54802800 is a thread
R13=0x0 is NULL
R14=0x0 is NULL
R15=0x0 is NULL


Registers:
RAX=0x0000000000000000, RBX=0x00007f9c54802b10, RCX=0x00000001097bba20, RDX=0x0000000000000000
RSP=0x000070000fefad10, RBP=0x000070000fefad10, RSI=0x0000000000000000, RDI=0x0000000000000000
R8 =0x0000000000000000, R9 =0x0000000000000000, R10=0x0000000109837ad0, R11=0x00000008009dec00
R12=0x00007f9c54802800, R13=0x0000000000000000, R14=0x0000000000000000, R15=0x0000000000000000
RIP=0x00000001095bcaf4, EFLAGS=0x0000000000010246, ERR=0x0000000000000004
  TRAPNO=0x000000000000000e

Top of Stack: (sp=0x000070000fefad10)
0x000070000fefad10:   000070000fefad20 00000001095bcab9
0x000070000fefad20:   000070000fefad40 00000001095bcb2b
0x000070000fefad30:   0000000000000000 00007f9c54802b10
0x000070000fefad40:   000070000fefade0 00000001091ed98c
0x000070000fefad50:   000070000fefad70 00000001095b9893
0x000070000fefad60:   000000010982cd01 00007f9c54802800
0x000070000fefad70:   000070000fefad90 00000001095b9b2a
0x000070000fefad80:   00007f9c54802800 0000000000000000
0x000070000fefad90:   000070000fefadb0 00000001095b9afc
0x000070000fefada0:   00007f9c54802800 00007f9c54802b10
0x000070000fefadb0:   000070000fefade0 00007f9c54802b10
0x000070000fefadc0:   00007f9c53501e28 0000000000000000
0x000070000fefadd0:   0000000000000000 00007f9c53501e20
0x000070000fefade0:   000070000fefae70 00000001085b606c
0x000070000fefadf0:   000000010982cd01 00007f9c54802800
0x000070000fefae00:   000070000fefae20 00000001095b9b2a
0x000070000fefae10:   00007f9c535011f0 00007f9c54802800
0x000070000fefae20:   000070000fefae40 00000001095b9afc
0x000070000fefae30:   00007f9c53501320 0000000000000000
0x000070000fefae40:   000070000fefae70 d8f2681ccee30009
0x000070000fefae50:   00007f9c54802b10 00007f9c53501e28
0x000070000fefae60:   00007f9c53501e38 00007f9c53501e20
0x000070000fefae70:   000070000fefaf00 00000001085b3a65
0x000070000fefae80:   0000000000000000 00000171e3c0a397
0x000070000fefae90:   0000000400010002 00007f9c5340a200
0x000070000fefaea0:   0000000000000000 0000000000000000
0x000070000fefaeb0:   00007f9c53605788 0000000000000001
0x000070000fefaec0:   00007f9c53603640 00007f9c54802b10
0x000070000fefaed0:   00000001097bba18 000070000fefb000
0x000070000fefaee0:   0000000000000000 0000000000000000
0x000070000fefaef0:   0000000000000000 0000000000000000
0x000070000fefaf00:   000070000fefaf10 00000001085b5d1b 

Instructions: (pc=0x00000001095bcaf4)
0x00000001095bc9f4:   00 be ef 00 00 00 31 c0 e8 d1 11 aa ff e8 cc 6d
0x00000001095bca04:   e7 ff 31 c0 5d c3 66 0f 1f 44 00 00 55 48 89 e5
0x00000001095bca14:   e8 37 fb ff ff 48 89 c7 e8 3f fb ff ff ff c8 83
0x00000001095bca24:   f8 04 73 0f 48 98 48 8d 0d af 21 1f 00 48 8b 04
0x00000001095bca34:   c1 5d c3 48 8d 3d 31 e4 05 00 48 8d 15 93 e4 05
0x00000001095bca44:   00 be ef 00 00 00 31 c0 e8 81 11 aa ff e8 7c 6d
0x00000001095bca54:   e7 ff 31 c0 5d c3 66 0f 1f 44 00 00 55 48 89 e5
0x00000001095bca64:   5d e9 36 00 00 00 66 0f 1f 44 00 00 55 48 89 e5
0x00000001095bca74:   5d e9 96 00 00 00 66 0f 1f 44 00 00 55 48 89 e5
0x00000001095bca84:   5d e9 96 00 00 00 66 0f 1f 44 00 00 55 48 89 e5
0x00000001095bca94:   5d e9 c6 00 00 00 66 0f 1f 44 00 00 55 48 89 e5
0x00000001095bcaa4:   5d e9 06 00 00 00 66 0f 1f 44 00 00 55 48 89 e5
0x00000001095bcab4:   e8 17 00 00 00 48 89 c7 5d e9 1e 00 00 00 66 2e
0x00000001095bcac4:   0f 1f 84 00 00 00 00 00 0f 1f 40 00 55 48 89 e5
0x00000001095bcad4:   5d e9 16 00 00 00 66 0f 1f 44 00 00 55 48 89 e5
0x00000001095bcae4:   5d e9 16 00 00 00 66 0f 1f 44 00 00 55 48 89 e5
0x00000001095bcaf4:   48 8b 07 5d c3 0f 1f 80 00 00 00 00 55 48 89 e5
0x00000001095bcb04:   48 89 f8 5d c3 0f 1f 80 00 00 00 00 55 48 89 e5
0x00000001095bcb14:   5d e9 96 ff ff ff 66 0f 1f 44 00 00 55 48 89 e5
0x00000001095bcb24:   53 50 e8 25 00 00 00 48 89 c3 bf 74 c0 10 00 48
0x00000001095bcb34:   89 c6 e8 45 fb ff ff 48 89 d8 48 83 c4 08 5b 5d
0x00000001095bcb44:   c3 66 2e 0f 1f 84 00 00 00 00 00 90 55 48 89 e5
0x00000001095bcb54:   5d e9 56 ff ff ff 66 0f 1f 44 00 00 55 48 89 e5
0x00000001095bcb64:   53 50 e8 35 00 00 00 48 89 c3 e8 7d fb ff ff 48
0x00000001095bcb74:   89 c7 48 89 de e8 a8 44 f0 ff 48 89 c3 bf 74 c0
0x00000001095bcb84:   10 00 48 89 c6 e8 82 fb ff ff 48 89 d8 48 83 c4
0x00000001095bcb94:   08 5b 5d c3 0f 1f 84 00 00 00 00 00 55 48 89 e5
0x00000001095bcba4:   5d e9 06 ff ff ff 66 0f 1f 44 00 00 55 48 89 e5
0x00000001095bcbb4:   5d e9 36 00 00 00 66 0f 1f 44 00 00 55 48 89 e5
0x00000001095bcbc4:   5d e9 96 00 00 00 66 0f 1f 44 00 00 55 48 89 e5
0x00000001095bcbd4:   5d e9 96 00 00 00 66 0f 1f 44 00 00 55 48 89 e5
0x00000001095bcbe4:   5d e9 c6 00 00 00 66 0f 1f 44 00 00 55 48 89 e5 


Stack slot to memory mapping:
stack at sp + 0 slots: 0x000070000fefad20 is pointing into the stack for thread: 0x00007f9c54802800
stack at sp + 1 slots: 0x00000001095bcab9: _ZN16RawAccessBarrierILy1097844EE8oop_loadIP7oopDescEET_Pv+0x9 in /usr/local/Cellar/openjdk/13.0.2+8_2/libexec/openjdk.jdk/Contents/Home/lib/server/libjvm.dylib at 0x0000000108e00000
stack at sp + 2 slots: 0x000070000fefad40 is pointing into the stack for thread: 0x00007f9c54802800
stack at sp + 3 slots: 0x00000001095bcb2b: _ZN12G1BarrierSet13AccessBarrierILy1097844ES_E20oop_load_not_in_heapIP7oopDescEES4_PT_+0xb in /usr/local/Cellar/openjdk/13.0.2+8_2/libexec/openjdk.jdk/Contents/Home/lib/server/libjvm.dylib at 0x0000000108e00000
stack at sp + 4 slots: 0x0 is NULL
stack at sp + 5 slots: 0x00007f9c54802b10 points into unknown readable memory: 20 ba 7b 09 01 00 00 00
stack at sp + 6 slots: 0x000070000fefade0 is pointing into the stack for thread: 0x00007f9c54802800
stack at sp + 7 slots: 0x00000001091ed98c: jni_GetStringUTFChars+0xde in /usr/local/Cellar/openjdk/13.0.2+8_2/libexec/openjdk.jdk/Contents/Home/lib/server/libjvm.dylib at 0x0000000108e00000


---------------  P R O C E S S  ---------------

Threads class SMR info:
_java_thread_list=0x00007f9c5340a200, length=9, elements={
0x00007f9c54802800, 0x00007f9c5481a000, 0x00007f9c54098800, 0x00007f9c54096800,
0x00007f9c53819800, 0x00007f9c5500b000, 0x00007f9c54097000, 0x00007f9c54874000,
0x00007f9c55010000
}

Java Threads: ( => current thread )
=>0x00007f9c54802800 JavaThread "main" [_thread_in_vm, id=7939, stack(0x000070000fdfb000,0x000070000fefb000)]
  0x00007f9c5481a000 JavaThread "Reference Handler" daemon [_thread_blocked, id=17411, stack(0x0000700010510000,0x0000700010610000)]
  0x00007f9c54098800 JavaThread "Finalizer" daemon [_thread_blocked, id=16899, stack(0x0000700010613000,0x0000700010713000)]
  0x00007f9c54096800 JavaThread "Signal Dispatcher" daemon [_thread_blocked, id=22019, stack(0x0000700010716000,0x0000700010816000)]
  0x00007f9c53819800 JavaThread "C2 CompilerThread0" daemon [_thread_blocked, id=22275, stack(0x0000700010819000,0x0000700010919000)]
  0x00007f9c5500b000 JavaThread "C1 CompilerThread0" daemon [_thread_blocked, id=22531, stack(0x000070001091c000,0x0000700010a1c000)]
  0x00007f9c54097000 JavaThread "Sweeper thread" daemon [_thread_blocked, id=23043, stack(0x0000700010a1f000,0x0000700010b1f000)]
  0x00007f9c54874000 JavaThread "Service Thread" daemon [_thread_blocked, id=23555, stack(0x0000700010b22000,0x0000700010c22000)]
  0x00007f9c55010000 JavaThread "Common-Cleaner" daemon [_thread_blocked, id=24323, stack(0x0000700010d28000,0x0000700010e28000)]

Other Threads:
  0x00007f9c54095800 VMThread "VM Thread" [stack: 0x000070001040d000,0x000070001050d000] [id=17923]
  0x00007f9c54099800 WatcherThread [stack: 0x0000700010c25000,0x0000700010d25000] [id=23811]
  0x00007f9c54036800 GCTaskThread "GC Thread#0" [stack: 0x000070000fefe000,0x000070000fffe000] [id=12035]
  0x00007f9c54047800 ConcurrentGCThread "G1 Main Marker" [stack: 0x0000700010001000,0x0000700010101000] [id=19971]
  0x00007f9c54048800 ConcurrentGCThread "G1 Conc#0" [stack: 0x0000700010104000,0x0000700010204000] [id=12547]
  0x00007f9c55005800 ConcurrentGCThread "G1 Refine#0" [stack: 0x0000700010207000,0x0000700010307000] [id=12803]
  0x00007f9c53808800 ConcurrentGCThread "G1 Young RemSet Sampling" [stack: 0x000070001030a000,0x000070001040a000] [id=13059]

Threads with active compile tasks:

VM state:not at safepoint (normal execution)

VM Mutex/Monitor currently owned by a thread: None

Heap address: 0x0000000780000000, size: 2048 MB, Compressed Oops mode: Zero based, Oop shift amount: 3
Narrow klass base: 0x0000000800000000, Narrow klass shift: 3
Compressed class space size: 1073741824 Address: 0x0000000800af5000

Heap:
 garbage-first heap   total 133120K, used 2812K [0x0000000780000000, 0x0000000800000000)
  region size 1024K, 3 young (3072K), 0 survivors (0K)
 Metaspace       used 620K, capacity 4862K, committed 5120K, reserved 1056768K
  class space    used 42K, capacity 426K, committed 512K, reserved 1048576K
Heap Regions: E=young(eden), S=young(survivor), O=old, HS=humongous(starts), HC=humongous(continues), CS=collection set, F=free, A=archive, TAMS=top-at-mark-start (previous, next)
|   0|0x0000000780000000, 0x0000000780000000, 0x0000000780100000|  0%| F|  |TAMS 0x0000000780000000, 0x0000000780000000| Untracked 
|   1|0x0000000780100000, 0x0000000780100000, 0x0000000780200000|  0%| F|  |TAMS 0x0000000780100000, 0x0000000780100000| Untracked 
|   2|0x0000000780200000, 0x0000000780200000, 0x0000000780300000|  0%| F|  |TAMS 0x0000000780200000, 0x0000000780200000| Untracked 
|   3|0x0000000780300000, 0x0000000780300000, 0x0000000780400000|  0%| F|  |TAMS 0x0000000780300000, 0x0000000780300000| Untracked 
|   4|0x0000000780400000, 0x0000000780400000, 0x0000000780500000|  0%| F|  |TAMS 0x0000000780400000, 0x0000000780400000| Untracked 
|   5|0x0000000780500000, 0x0000000780500000, 0x0000000780600000|  0%| F|  |TAMS 0x0000000780500000, 0x0000000780500000| Untracked 
|   6|0x0000000780600000, 0x0000000780600000, 0x0000000780700000|  0%| F|  |TAMS 0x0000000780600000, 0x0000000780600000| Untracked 
|   7|0x0000000780700000, 0x0000000780700000, 0x0000000780800000|  0%| F|  |TAMS 0x0000000780700000, 0x0000000780700000| Untracked 
|   8|0x0000000780800000, 0x0000000780800000, 0x0000000780900000|  0%| F|  |TAMS 0x0000000780800000, 0x0000000780800000| Untracked 
|   9|0x0000000780900000, 0x0000000780900000, 0x0000000780a00000|  0%| F|  |TAMS 0x0000000780900000, 0x0000000780900000| Untracked 
|  10|0x0000000780a00000, 0x0000000780a00000, 0x0000000780b00000|  0%| F|  |TAMS 0x0000000780a00000, 0x0000000780a00000| Untracked 
|  11|0x0000000780b00000, 0x0000000780b00000, 0x0000000780c00000|  0%| F|  |TAMS 0x0000000780b00000, 0x0000000780b00000| Untracked 
|  12|0x0000000780c00000, 0x0000000780c00000, 0x0000000780d00000|  0%| F|  |TAMS 0x0000000780c00000, 0x0000000780c00000| Untracked 
|  13|0x0000000780d00000, 0x0000000780d00000, 0x0000000780e00000|  0%| F|  |TAMS 0x0000000780d00000, 0x0000000780d00000| Untracked 
|  14|0x0000000780e00000, 0x0000000780e00000, 0x0000000780f00000|  0%| F|  |TAMS 0x0000000780e00000, 0x0000000780e00000| Untracked 
|  15|0x0000000780f00000, 0x0000000780f00000, 0x0000000781000000|  0%| F|  |TAMS 0x0000000780f00000, 0x0000000780f00000| Untracked 
|  16|0x0000000781000000, 0x0000000781000000, 0x0000000781100000|  0%| F|  |TAMS 0x0000000781000000, 0x0000000781000000| Untracked 
|  17|0x0000000781100000, 0x0000000781100000, 0x0000000781200000|  0%| F|  |TAMS 0x0000000781100000, 0x0000000781100000| Untracked 
|  18|0x0000000781200000, 0x0000000781200000, 0x0000000781300000|  0%| F|  |TAMS 0x0000000781200000, 0x0000000781200000| Untracked 
|  19|0x0000000781300000, 0x0000000781300000, 0x0000000781400000|  0%| F|  |TAMS 0x0000000781300000, 0x0000000781300000| Untracked 
|  20|0x0000000781400000, 0x0000000781400000, 0x0000000781500000|  0%| F|  |TAMS 0x0000000781400000, 0x0000000781400000| Untracked 
|  21|0x0000000781500000, 0x0000000781500000, 0x0000000781600000|  0%| F|  |TAMS 0x0000000781500000, 0x0000000781500000| Untracked 
|  22|0x0000000781600000, 0x0000000781600000, 0x0000000781700000|  0%| F|  |TAMS 0x0000000781600000, 0x0000000781600000| Untracked 
|  23|0x0000000781700000, 0x0000000781700000, 0x0000000781800000|  0%| F|  |TAMS 0x0000000781700000, 0x0000000781700000| Untracked 
|  24|0x0000000781800000, 0x0000000781800000, 0x0000000781900000|  0%| F|  |TAMS 0x0000000781800000, 0x0000000781800000| Untracked 
|  25|0x0000000781900000, 0x0000000781900000, 0x0000000781a00000|  0%| F|  |TAMS 0x0000000781900000, 0x0000000781900000| Untracked 
|  26|0x0000000781a00000, 0x0000000781a00000, 0x0000000781b00000|  0%| F|  |TAMS 0x0000000781a00000, 0x0000000781a00000| Untracked 
|  27|0x0000000781b00000, 0x0000000781b00000, 0x0000000781c00000|  0%| F|  |TAMS 0x0000000781b00000, 0x0000000781b00000| Untracked 
|  28|0x0000000781c00000, 0x0000000781c00000, 0x0000000781d00000|  0%| F|  |TAMS 0x0000000781c00000, 0x0000000781c00000| Untracked 
|  29|0x0000000781d00000, 0x0000000781d00000, 0x0000000781e00000|  0%| F|  |TAMS 0x0000000781d00000, 0x0000000781d00000| Untracked 
|  30|0x0000000781e00000, 0x0000000781e00000, 0x0000000781f00000|  0%| F|  |TAMS 0x0000000781e00000, 0x0000000781e00000| Untracked 
|  31|0x0000000781f00000, 0x0000000781f00000, 0x0000000782000000|  0%| F|  |TAMS 0x0000000781f00000, 0x0000000781f00000| Untracked 
|  32|0x0000000782000000, 0x0000000782000000, 0x0000000782100000|  0%| F|  |TAMS 0x0000000782000000, 0x0000000782000000| Untracked 
|  33|0x0000000782100000, 0x0000000782100000, 0x0000000782200000|  0%| F|  |TAMS 0x0000000782100000, 0x0000000782100000| Untracked 
|  34|0x0000000782200000, 0x0000000782200000, 0x0000000782300000|  0%| F|  |TAMS 0x0000000782200000, 0x0000000782200000| Untracked 
|  35|0x0000000782300000, 0x0000000782300000, 0x0000000782400000|  0%| F|  |TAMS 0x0000000782300000, 0x0000000782300000| Untracked 
|  36|0x0000000782400000, 0x0000000782400000, 0x0000000782500000|  0%| F|  |TAMS 0x0000000782400000, 0x0000000782400000| Untracked 
|  37|0x0000000782500000, 0x0000000782500000, 0x0000000782600000|  0%| F|  |TAMS 0x0000000782500000, 0x0000000782500000| Untracked 
|  38|0x0000000782600000, 0x0000000782600000, 0x0000000782700000|  0%| F|  |TAMS 0x0000000782600000, 0x0000000782600000| Untracked 
|  39|0x0000000782700000, 0x0000000782700000, 0x0000000782800000|  0%| F|  |TAMS 0x0000000782700000, 0x0000000782700000| Untracked 
|  40|0x0000000782800000, 0x0000000782800000, 0x0000000782900000|  0%| F|  |TAMS 0x0000000782800000, 0x0000000782800000| Untracked 
|  41|0x0000000782900000, 0x0000000782900000, 0x0000000782a00000|  0%| F|  |TAMS 0x0000000782900000, 0x0000000782900000| Untracked 
|  42|0x0000000782a00000, 0x0000000782a00000, 0x0000000782b00000|  0%| F|  |TAMS 0x0000000782a00000, 0x0000000782a00000| Untracked 
|  43|0x0000000782b00000, 0x0000000782b00000, 0x0000000782c00000|  0%| F|  |TAMS 0x0000000782b00000, 0x0000000782b00000| Untracked 
|  44|0x0000000782c00000, 0x0000000782c00000, 0x0000000782d00000|  0%| F|  |TAMS 0x0000000782c00000, 0x0000000782c00000| Untracked 
|  45|0x0000000782d00000, 0x0000000782d00000, 0x0000000782e00000|  0%| F|  |TAMS 0x0000000782d00000, 0x0000000782d00000| Untracked 
|  46|0x0000000782e00000, 0x0000000782e00000, 0x0000000782f00000|  0%| F|  |TAMS 0x0000000782e00000, 0x0000000782e00000| Untracked 
|  47|0x0000000782f00000, 0x0000000782f00000, 0x0000000783000000|  0%| F|  |TAMS 0x0000000782f00000, 0x0000000782f00000| Untracked 
|  48|0x0000000783000000, 0x0000000783000000, 0x0000000783100000|  0%| F|  |TAMS 0x0000000783000000, 0x0000000783000000| Untracked 
|  49|0x0000000783100000, 0x0000000783100000, 0x0000000783200000|  0%| F|  |TAMS 0x0000000783100000, 0x0000000783100000| Untracked 
|  50|0x0000000783200000, 0x0000000783200000, 0x0000000783300000|  0%| F|  |TAMS 0x0000000783200000, 0x0000000783200000| Untracked 
|  51|0x0000000783300000, 0x0000000783300000, 0x0000000783400000|  0%| F|  |TAMS 0x0000000783300000, 0x0000000783300000| Untracked 
|  52|0x0000000783400000, 0x0000000783400000, 0x0000000783500000|  0%| F|  |TAMS 0x0000000783400000, 0x0000000783400000| Untracked 
|  53|0x0000000783500000, 0x0000000783500000, 0x0000000783600000|  0%| F|  |TAMS 0x0000000783500000, 0x0000000783500000| Untracked 
|  54|0x0000000783600000, 0x0000000783600000, 0x0000000783700000|  0%| F|  |TAMS 0x0000000783600000, 0x0000000783600000| Untracked 
|  55|0x0000000783700000, 0x0000000783700000, 0x0000000783800000|  0%| F|  |TAMS 0x0000000783700000, 0x0000000783700000| Untracked 
|  56|0x0000000783800000, 0x0000000783800000, 0x0000000783900000|  0%| F|  |TAMS 0x0000000783800000, 0x0000000783800000| Untracked 
|  57|0x0000000783900000, 0x0000000783900000, 0x0000000783a00000|  0%| F|  |TAMS 0x0000000783900000, 0x0000000783900000| Untracked 
|  58|0x0000000783a00000, 0x0000000783a00000, 0x0000000783b00000|  0%| F|  |TAMS 0x0000000783a00000, 0x0000000783a00000| Untracked 
|  59|0x0000000783b00000, 0x0000000783b00000, 0x0000000783c00000|  0%| F|  |TAMS 0x0000000783b00000, 0x0000000783b00000| Untracked 
|  60|0x0000000783c00000, 0x0000000783c00000, 0x0000000783d00000|  0%| F|  |TAMS 0x0000000783c00000, 0x0000000783c00000| Untracked 
|  61|0x0000000783d00000, 0x0000000783d00000, 0x0000000783e00000|  0%| F|  |TAMS 0x0000000783d00000, 0x0000000783d00000| Untracked 
|  62|0x0000000783e00000, 0x0000000783e00000, 0x0000000783f00000|  0%| F|  |TAMS 0x0000000783e00000, 0x0000000783e00000| Untracked 
|  63|0x0000000783f00000, 0x0000000783f00000, 0x0000000784000000|  0%| F|  |TAMS 0x0000000783f00000, 0x0000000783f00000| Untracked 
|  64|0x0000000784000000, 0x0000000784000000, 0x0000000784100000|  0%| F|  |TAMS 0x0000000784000000, 0x0000000784000000| Untracked 
|  65|0x0000000784100000, 0x0000000784100000, 0x0000000784200000|  0%| F|  |TAMS 0x0000000784100000, 0x0000000784100000| Untracked 
|  66|0x0000000784200000, 0x0000000784200000, 0x0000000784300000|  0%| F|  |TAMS 0x0000000784200000, 0x0000000784200000| Untracked 
|  67|0x0000000784300000, 0x0000000784300000, 0x0000000784400000|  0%| F|  |TAMS 0x0000000784300000, 0x0000000784300000| Untracked 
|  68|0x0000000784400000, 0x0000000784400000, 0x0000000784500000|  0%| F|  |TAMS 0x0000000784400000, 0x0000000784400000| Untracked 
|  69|0x0000000784500000, 0x0000000784500000, 0x0000000784600000|  0%| F|  |TAMS 0x0000000784500000, 0x0000000784500000| Untracked 
|  70|0x0000000784600000, 0x0000000784600000, 0x0000000784700000|  0%| F|  |TAMS 0x0000000784600000, 0x0000000784600000| Untracked 
|  71|0x0000000784700000, 0x0000000784700000, 0x0000000784800000|  0%| F|  |TAMS 0x0000000784700000, 0x0000000784700000| Untracked 
|  72|0x0000000784800000, 0x0000000784800000, 0x0000000784900000|  0%| F|  |TAMS 0x0000000784800000, 0x0000000784800000| Untracked 
|  73|0x0000000784900000, 0x0000000784900000, 0x0000000784a00000|  0%| F|  |TAMS 0x0000000784900000, 0x0000000784900000| Untracked 
|  74|0x0000000784a00000, 0x0000000784a00000, 0x0000000784b00000|  0%| F|  |TAMS 0x0000000784a00000, 0x0000000784a00000| Untracked 
|  75|0x0000000784b00000, 0x0000000784b00000, 0x0000000784c00000|  0%| F|  |TAMS 0x0000000784b00000, 0x0000000784b00000| Untracked 
|  76|0x0000000784c00000, 0x0000000784c00000, 0x0000000784d00000|  0%| F|  |TAMS 0x0000000784c00000, 0x0000000784c00000| Untracked 
|  77|0x0000000784d00000, 0x0000000784d00000, 0x0000000784e00000|  0%| F|  |TAMS 0x0000000784d00000, 0x0000000784d00000| Untracked 
|  78|0x0000000784e00000, 0x0000000784e00000, 0x0000000784f00000|  0%| F|  |TAMS 0x0000000784e00000, 0x0000000784e00000| Untracked 
|  79|0x0000000784f00000, 0x0000000784f00000, 0x0000000785000000|  0%| F|  |TAMS 0x0000000784f00000, 0x0000000784f00000| Untracked 
|  80|0x0000000785000000, 0x0000000785000000, 0x0000000785100000|  0%| F|  |TAMS 0x0000000785000000, 0x0000000785000000| Untracked 
|  81|0x0000000785100000, 0x0000000785100000, 0x0000000785200000|  0%| F|  |TAMS 0x0000000785100000, 0x0000000785100000| Untracked 
|  82|0x0000000785200000, 0x0000000785200000, 0x0000000785300000|  0%| F|  |TAMS 0x0000000785200000, 0x0000000785200000| Untracked 
|  83|0x0000000785300000, 0x0000000785300000, 0x0000000785400000|  0%| F|  |TAMS 0x0000000785300000, 0x0000000785300000| Untracked 
|  84|0x0000000785400000, 0x0000000785400000, 0x0000000785500000|  0%| F|  |TAMS 0x0000000785400000, 0x0000000785400000| Untracked 
|  85|0x0000000785500000, 0x0000000785500000, 0x0000000785600000|  0%| F|  |TAMS 0x0000000785500000, 0x0000000785500000| Untracked 
|  86|0x0000000785600000, 0x0000000785600000, 0x0000000785700000|  0%| F|  |TAMS 0x0000000785600000, 0x0000000785600000| Untracked 
|  87|0x0000000785700000, 0x0000000785700000, 0x0000000785800000|  0%| F|  |TAMS 0x0000000785700000, 0x0000000785700000| Untracked 
|  88|0x0000000785800000, 0x0000000785800000, 0x0000000785900000|  0%| F|  |TAMS 0x0000000785800000, 0x0000000785800000| Untracked 
|  89|0x0000000785900000, 0x0000000785900000, 0x0000000785a00000|  0%| F|  |TAMS 0x0000000785900000, 0x0000000785900000| Untracked 
|  90|0x0000000785a00000, 0x0000000785a00000, 0x0000000785b00000|  0%| F|  |TAMS 0x0000000785a00000, 0x0000000785a00000| Untracked 
|  91|0x0000000785b00000, 0x0000000785b00000, 0x0000000785c00000|  0%| F|  |TAMS 0x0000000785b00000, 0x0000000785b00000| Untracked 
|  92|0x0000000785c00000, 0x0000000785c00000, 0x0000000785d00000|  0%| F|  |TAMS 0x0000000785c00000, 0x0000000785c00000| Untracked 
|  93|0x0000000785d00000, 0x0000000785d00000, 0x0000000785e00000|  0%| F|  |TAMS 0x0000000785d00000, 0x0000000785d00000| Untracked 
|  94|0x0000000785e00000, 0x0000000785e00000, 0x0000000785f00000|  0%| F|  |TAMS 0x0000000785e00000, 0x0000000785e00000| Untracked 
|  95|0x0000000785f00000, 0x0000000785f00000, 0x0000000786000000|  0%| F|  |TAMS 0x0000000785f00000, 0x0000000785f00000| Untracked 
|  96|0x0000000786000000, 0x0000000786000000, 0x0000000786100000|  0%| F|  |TAMS 0x0000000786000000, 0x0000000786000000| Untracked 
|  97|0x0000000786100000, 0x0000000786100000, 0x0000000786200000|  0%| F|  |TAMS 0x0000000786100000, 0x0000000786100000| Untracked 
|  98|0x0000000786200000, 0x0000000786200000, 0x0000000786300000|  0%| F|  |TAMS 0x0000000786200000, 0x0000000786200000| Untracked 
|  99|0x0000000786300000, 0x0000000786300000, 0x0000000786400000|  0%| F|  |TAMS 0x0000000786300000, 0x0000000786300000| Untracked 
| 100|0x0000000786400000, 0x0000000786400000, 0x0000000786500000|  0%| F|  |TAMS 0x0000000786400000, 0x0000000786400000| Untracked 
| 101|0x0000000786500000, 0x0000000786500000, 0x0000000786600000|  0%| F|  |TAMS 0x0000000786500000, 0x0000000786500000| Untracked 
| 102|0x0000000786600000, 0x0000000786600000, 0x0000000786700000|  0%| F|  |TAMS 0x0000000786600000, 0x0000000786600000| Untracked 
| 103|0x0000000786700000, 0x0000000786700000, 0x0000000786800000|  0%| F|  |TAMS 0x0000000786700000, 0x0000000786700000| Untracked 
| 104|0x0000000786800000, 0x0000000786800000, 0x0000000786900000|  0%| F|  |TAMS 0x0000000786800000, 0x0000000786800000| Untracked 
| 105|0x0000000786900000, 0x0000000786900000, 0x0000000786a00000|  0%| F|  |TAMS 0x0000000786900000, 0x0000000786900000| Untracked 
| 106|0x0000000786a00000, 0x0000000786a00000, 0x0000000786b00000|  0%| F|  |TAMS 0x0000000786a00000, 0x0000000786a00000| Untracked 
| 107|0x0000000786b00000, 0x0000000786b00000, 0x0000000786c00000|  0%| F|  |TAMS 0x0000000786b00000, 0x0000000786b00000| Untracked 
| 108|0x0000000786c00000, 0x0000000786c00000, 0x0000000786d00000|  0%| F|  |TAMS 0x0000000786c00000, 0x0000000786c00000| Untracked 
| 109|0x0000000786d00000, 0x0000000786d00000, 0x0000000786e00000|  0%| F|  |TAMS 0x0000000786d00000, 0x0000000786d00000| Untracked 
| 110|0x0000000786e00000, 0x0000000786e00000, 0x0000000786f00000|  0%| F|  |TAMS 0x0000000786e00000, 0x0000000786e00000| Untracked 
| 111|0x0000000786f00000, 0x0000000786f00000, 0x0000000787000000|  0%| F|  |TAMS 0x0000000786f00000, 0x0000000786f00000| Untracked 
| 112|0x0000000787000000, 0x0000000787000000, 0x0000000787100000|  0%| F|  |TAMS 0x0000000787000000, 0x0000000787000000| Untracked 
| 113|0x0000000787100000, 0x0000000787100000, 0x0000000787200000|  0%| F|  |TAMS 0x0000000787100000, 0x0000000787100000| Untracked 
| 114|0x0000000787200000, 0x0000000787200000, 0x0000000787300000|  0%| F|  |TAMS 0x0000000787200000, 0x0000000787200000| Untracked 
| 115|0x0000000787300000, 0x0000000787300000, 0x0000000787400000|  0%| F|  |TAMS 0x0000000787300000, 0x0000000787300000| Untracked 
| 116|0x0000000787400000, 0x0000000787400000, 0x0000000787500000|  0%| F|  |TAMS 0x0000000787400000, 0x0000000787400000| Untracked 
| 117|0x0000000787500000, 0x0000000787500000, 0x0000000787600000|  0%| F|  |TAMS 0x0000000787500000, 0x0000000787500000| Untracked 
| 118|0x0000000787600000, 0x0000000787600000, 0x0000000787700000|  0%| F|  |TAMS 0x0000000787600000, 0x0000000787600000| Untracked 
| 119|0x0000000787700000, 0x0000000787700000, 0x0000000787800000|  0%| F|  |TAMS 0x0000000787700000, 0x0000000787700000| Untracked 
| 120|0x0000000787800000, 0x0000000787800000, 0x0000000787900000|  0%| F|  |TAMS 0x0000000787800000, 0x0000000787800000| Untracked 
| 121|0x0000000787900000, 0x0000000787900000, 0x0000000787a00000|  0%| F|  |TAMS 0x0000000787900000, 0x0000000787900000| Untracked 
| 122|0x0000000787a00000, 0x0000000787a00000, 0x0000000787b00000|  0%| F|  |TAMS 0x0000000787a00000, 0x0000000787a00000| Untracked 
| 123|0x0000000787b00000, 0x0000000787b00000, 0x0000000787c00000|  0%| F|  |TAMS 0x0000000787b00000, 0x0000000787b00000| Untracked 
| 124|0x0000000787c00000, 0x0000000787c00000, 0x0000000787d00000|  0%| F|  |TAMS 0x0000000787c00000, 0x0000000787c00000| Untracked 
| 125|0x0000000787d00000, 0x0000000787d8fef8, 0x0000000787e00000| 56%| E|  |TAMS 0x0000000787d00000, 0x0000000787d00000| Complete 
| 126|0x0000000787e00000, 0x0000000787f00000, 0x0000000787f00000|100%| E|CS|TAMS 0x0000000787e00000, 0x0000000787e00000| Complete 
| 127|0x0000000787f00000, 0x0000000788000000, 0x0000000788000000|100%| E|CS|TAMS 0x0000000787f00000, 0x0000000787f00000| Complete 
|1022|0x00000007bfe00000, 0x00000007bfe48000, 0x00000007bff00000| 28%|OA|  |TAMS 0x00000007bfe00000, 0x00000007bfe00000| Untracked 
|1023|0x00000007bff00000, 0x00000007bff77000, 0x00000007c0000000| 46%|CA|  |TAMS 0x00000007bff00000, 0x00000007bff00000| Untracked 

Card table byte_map: [0x0000000112eb5000,0x00000001132b5000] _byte_map_base: 0x000000010f2b5000

Marking Bits (Prev, Next): (CMBitMap*) 0x00007f9c54037018, (CMBitMap*) 0x00007f9c54037058
 Prev Bits: [0x00000001136b5000, 0x00000001156b5000)
 Next Bits: [0x0000000124843000, 0x0000000126843000)

Polling page: 0x00000001085fb000

Metaspace:

Usage:
  Non-class:      4.33 MB capacity,   577.96 KB ( 13%) used,     3.77 MB ( 87%) free+waste,   704 bytes ( <1%) overhead. 
      Class:    426.00 KB capacity,    42.62 KB ( 10%) used,   382.95 KB ( 90%) free+waste,   448 bytes ( <1%) overhead. 
       Both:      4.75 MB capacity,   620.58 KB ( 13%) used,     4.14 MB ( 87%) free+waste,     1.12 KB ( <1%) overhead. 

Virtual space:
  Non-class space:        8.00 MB reserved,       4.50 MB ( 56%) committed 
      Class space:        1.00 GB reserved,     512.00 KB ( <1%) committed 
             Both:        1.01 GB reserved,       5.00 MB ( <1%) committed 

Chunk freelists:
   Non-Class:  32.00 KB
       Class:  2.00 KB
        Both:  34.00 KB

MaxMetaspaceSize: unlimited
CompressedClassSpaceSize: 1.00 GB

CodeHeap 'non-profiled nmethods': size=120032Kb used=35Kb max_used=35Kb free=119996Kb
 bounds [0x000000011d30b000, 0x000000011d57b000, 0x0000000124843000]
CodeHeap 'profiled nmethods': size=120028Kb used=244Kb max_used=244Kb free=119783Kb
 bounds [0x0000000115dd4000, 0x0000000116044000, 0x000000011d30b000]
CodeHeap 'non-nmethods': size=5700Kb used=1065Kb max_used=1079Kb free=4634Kb
 bounds [0x0000000115843000, 0x0000000115ab3000, 0x0000000115dd4000]
 total_blobs=510 nmethods=157 adapters=195
 compilation: enabled
              stopped_count=0, restarted_count=0
 full_count=0

Compilation events (20 events):
Event: 0.201 Thread 0x00007f9c5500b000  141       1       java.net.URL::getUserInfo (5 bytes)
Event: 0.201 Thread 0x00007f9c5500b000 nmethod 141 0x000000011d313010 code [0x000000011d3131a0, 0x000000011d3132d0]
Event: 0.203 Thread 0x00007f9c5500b000  147       3       java.lang.String::startsWith (7 bytes)
Event: 0.203 Thread 0x00007f9c5500b000 nmethod 147 0x0000000115e0c210 code [0x0000000115e0c3c0, 0x0000000115e0c568]
Event: 0.206 Thread 0x00007f9c5500b000  151       3       java.util.jar.JarFile::getEntry0 (24 bytes)
Event: 0.206 Thread 0x00007f9c5500b000 nmethod 151 0x0000000115e0c610 code [0x0000000115e0c7e0, 0x0000000115e0cd88]
Event: 0.206 Thread 0x00007f9c5500b000  152       3       java.util.jar.JarFile$1::<init> (10 bytes)
Event: 0.206 Thread 0x00007f9c5500b000 nmethod 152 0x0000000115e0cf10 code [0x0000000115e0d0c0, 0x0000000115e0d2f0]
Event: 0.206 Thread 0x00007f9c5500b000  153       3       java.util.zip.ZipFile$1::getEntry (10 bytes)
Event: 0.207 Thread 0x00007f9c5500b000 nmethod 153 0x0000000115e0d390 code [0x0000000115e0d540, 0x0000000115e0d808]
Event: 0.207 Thread 0x00007f9c5500b000  148       3       jdk.internal.misc.Unsafe::putReferenceRelease (9 bytes)
Event: 0.207 Thread 0x00007f9c5500b000 nmethod 148 0x0000000115e0d910 code [0x0000000115e0daa0, 0x0000000115e0dc70]
Event: 0.207 Thread 0x00007f9c5500b000  150       3       java.util.concurrent.ConcurrentHashMap::setTabAt (20 bytes)
Event: 0.207 Thread 0x00007f9c5500b000 nmethod 150 0x0000000115e0dd10 code [0x0000000115e0dec0, 0x0000000115e0e1d0]
Event: 0.208 Thread 0x00007f9c5500b000  154       3       sun.net.www.ParseUtil::firstEncodeIndex (86 bytes)
Event: 0.208 Thread 0x00007f9c53819800 nmethod 142% 0x000000011d313710 code [0x000000011d3138a0, 0x000000011d313b18]
Event: 0.209 Thread 0x00007f9c5500b000 nmethod 154 0x0000000115e0e290 code [0x0000000115e0e4e0, 0x0000000115e0eee8]
Event: 0.209 Thread 0x00007f9c5500b000  156       3       java.lang.String::substring (58 bytes)
Event: 0.210 Thread 0x00007f9c5500b000 nmethod 156 0x0000000115e0f290 code [0x0000000115e0f4a0, 0x0000000115e0fbc8]
Event: 0.210 Thread 0x00007f9c5500b000  157       3       java.lang.String::checkBoundsBeginEnd (63 bytes)

GC Heap History (0 events):
No events

Deoptimization events (0 events):
No events

Classes unloaded (0 events):
No events

Classes redefined (0 events):
No events

Internal exceptions (0 events):
No events

Events (20 events):
Event: 0.200 loading class org/apache/catalina/Context
Event: 0.200 loading class org/apache/catalina/Context done
Event: 0.201 loading class org/apache/tomcat/ContextBind
Event: 0.201 loading class org/apache/tomcat/ContextBind done
Event: 0.202 loading class org/apache/tomcat/util/descriptor/web/SecurityConstraint
Event: 0.202 loading class org/apache/tomcat/util/descriptor/web/SecurityConstraint done
Event: 0.203 loading class org/apache/tomcat/util/descriptor/web/XmlEncodingBase
Event: 0.203 loading class org/apache/tomcat/util/descriptor/web/XmlEncodingBase done
Event: 0.204 loading class org/apache/catalina/connector/Response
Event: 0.204 loading class org/apache/catalina/connector/Response done
Event: 0.205 loading class javax/servlet/http/HttpServletResponse
Event: 0.205 loading class javax/servlet/http/HttpServletResponse done
Event: 0.206 loading class javax/servlet/ServletResponse
Event: 0.206 loading class javax/servlet/ServletResponse done
Event: 0.208 loading class org/apache/catalina/Wrapper
Event: 0.208 loading class org/apache/catalina/Wrapper done
Event: 0.209 loading class org/apache/catalina/startup/Tomcat
Event: 0.209 loading class org/apache/catalina/startup/Tomcat done
Event: 0.210 loading class java/lang/Class$EnclosingMethodInfo
Event: 0.210 loading class java/lang/Class$EnclosingMethodInfo done


Dynamic libraries:
0x00007fff7ecd3000 	/usr/lib/libz.1.dylib
0x00000001085ad000 	/usr/local/Cellar/openjdk/13.0.2+8_2/libexec/openjdk.jdk/Contents/Home/lib/libjli.dylib
0x00007fff52e34000 	/System/Library/Frameworks/Cocoa.framework/Versions/A/Cocoa
0x00007fff5ebe2000 	/System/Library/Frameworks/Security.framework/Versions/A/Security
0x00007fff51ac6000 	/System/Library/Frameworks/ApplicationServices.framework/Versions/A/ApplicationServices
0x00007fff7c62a000 	/usr/lib/libSystem.B.dylib
0x00007fff7f4c9000 	/usr/lib/system/libcache.dylib
0x00007fff7f4ce000 	/usr/lib/system/libcommonCrypto.dylib
0x00007fff7f4d9000 	/usr/lib/system/libcompiler_rt.dylib
0x00007fff7f4e1000 	/usr/lib/system/libcopyfile.dylib
0x00007fff7f4eb000 	/usr/lib/system/libcorecrypto.dylib
0x00007fff7f5f6000 	/usr/lib/system/libdispatch.dylib
0x00007fff7f630000 	/usr/lib/system/libdyld.dylib
0x00007fff7f65d000 	/usr/lib/system/libkeymgr.dylib
0x00007fff7f66b000 	/usr/lib/system/liblaunch.dylib
0x00007fff7f66c000 	/usr/lib/system/libmacho.dylib
0x00007fff7f672000 	/usr/lib/system/libquarantine.dylib
0x00007fff7f675000 	/usr/lib/system/libremovefile.dylib
0x00007fff7f677000 	/usr/lib/system/libsystem_asl.dylib
0x00007fff7f68f000 	/usr/lib/system/libsystem_blocks.dylib
0x00007fff7f690000 	/usr/lib/system/libsystem_c.dylib
0x00007fff7f718000 	/usr/lib/system/libsystem_configuration.dylib
0x00007fff7f71c000 	/usr/lib/system/libsystem_coreservices.dylib
0x00007fff7f720000 	/usr/lib/system/libsystem_darwin.dylib
0x00007fff7f727000 	/usr/lib/system/libsystem_dnssd.dylib
0x00007fff7f72e000 	/usr/lib/system/libsystem_info.dylib
0x00007fff7f7a3000 	/usr/lib/system/libsystem_m.dylib
0x00007fff7f7ef000 	/usr/lib/system/libsystem_malloc.dylib
0x00007fff7f81a000 	/usr/lib/system/libsystem_networkextension.dylib
0x00007fff7f825000 	/usr/lib/system/libsystem_notify.dylib
0x00007fff7f842000 	/usr/lib/system/libsystem_sandbox.dylib
0x00007fff7f846000 	/usr/lib/system/libsystem_secinit.dylib
0x00007fff7f77a000 	/usr/lib/system/libsystem_kernel.dylib
0x00007fff7f82d000 	/usr/lib/system/libsystem_platform.dylib
0x00007fff7f837000 	/usr/lib/system/libsystem_pthread.dylib
0x00007fff7f849000 	/usr/lib/system/libsystem_symptoms.dylib
0x00007fff7f851000 	/usr/lib/system/libsystem_trace.dylib
0x00007fff7f868000 	/usr/lib/system/libunwind.dylib
0x00007fff7f86e000 	/usr/lib/system/libxpc.dylib
0x00007fff7de63000 	/usr/lib/libobjc.A.dylib
0x00007fff7c8c3000 	/usr/lib/libc++abi.dylib
0x00007fff7c86f000 	/usr/lib/libc++.1.dylib
0x00007fff536a9000 	/System/Library/Frameworks/CoreFoundation.framework/Versions/A/CoreFoundation
0x00007fff5592d000 	/System/Library/Frameworks/Foundation.framework/Versions/C/Foundation
0x00007fff50cbf000 	/System/Library/Frameworks/AppKit.framework/Versions/C/AppKit
0x00007fff53232000 	/System/Library/Frameworks/CoreData.framework/Versions/A/CoreData
0x00007fff760ef000 	/System/Library/PrivateFrameworks/RemoteViewServices.framework/Versions/A/RemoteViewServices
0x00007fff7a366000 	/System/Library/PrivateFrameworks/UIFoundation.framework/Versions/A/UIFoundation
0x00007fff7ba4b000 	/System/Library/PrivateFrameworks/XCTTargetBootstrap.framework/Versions/A/XCTTargetBootstrap
0x00007fff535b8000 	/System/Library/Frameworks/CoreDisplay.framework/Versions/A/CoreDisplay
0x00007fff70e29000 	/System/Library/PrivateFrameworks/IconServices.framework/Versions/A/IconServices
0x00007fff5824f000 	/System/Library/Frameworks/Metal.framework/Versions/A/Metal
0x00007fff6836d000 	/System/Library/PrivateFrameworks/DesktopServicesPriv.framework/Versions/A/DesktopServicesPriv
0x00007fff7d1c6000 	/usr/lib/libenergytrace.dylib
0x00007fff7884d000 	/System/Library/PrivateFrameworks/SkyLight.framework/Versions/A/SkyLight
0x00007fff53af0000 	/System/Library/Frameworks/CoreGraphics.framework/Versions/A/CoreGraphics
0x00007fff4fa8b000 	/System/Library/Frameworks/Accelerate.framework/Versions/A/Accelerate
0x00007fff56076000 	/System/Library/Frameworks/IOSurface.framework/Versions/A/IOSurface
0x00007fff681d9000 	/System/Library/PrivateFrameworks/DFRFoundation.framework/Versions/A/DFRFoundation
0x00007fff51fa9000 	/System/Library/Frameworks/AudioToolbox.framework/Versions/A/AudioToolbox
0x00007fff52222000 	/System/Library/Frameworks/AudioUnit.framework/Versions/A/AudioUnit
0x00007fff6826e000 	/System/Library/PrivateFrameworks/DataDetectorsCore.framework/Versions/A/DataDetectorsCore
0x00007fff52937000 	/System/Library/Frameworks/Carbon.framework/Versions/A/Frameworks/HIToolbox.framework/Versions/A/HIToolbox
0x00007fff7d31f000 	/usr/lib/libicucore.A.dylib
0x00007fff5e155000 	/System/Library/Frameworks/QuartzCore.framework/Versions/A/QuartzCore
0x00007fff52d0c000 	/System/Library/Frameworks/Carbon.framework/Versions/A/Frameworks/SpeechRecognition.framework/Versions/A/SpeechRecognition
0x00007fff7c77e000 	/usr/lib/libauto.dylib
0x00007fff7ebc6000 	/usr/lib/libxml2.2.dylib
0x00007fff67db4000 	/System/Library/PrivateFrameworks/CoreUI.framework/Versions/A/CoreUI
0x00007fff5311d000 	/System/Library/Frameworks/CoreAudio.framework/Versions/A/CoreAudio
0x00007fff55762000 	/System/Library/Frameworks/DiskArbitration.framework/Versions/A/DiskArbitration
0x00007fff7d5cd000 	/usr/lib/liblangid.dylib
0x00007fff72234000 	/System/Library/PrivateFrameworks/MultitouchSupport.framework/Versions/A/MultitouchSupport
0x00007fff55fe5000 	/System/Library/Frameworks/IOKit.framework/Versions/A/IOKit
0x00007fff7c1ea000 	/usr/lib/libDiagnosticMessagesClient.dylib
0x00007fff54900000 	/System/Library/Frameworks/CoreServices.framework/Versions/A/CoreServices
0x00007fff73eee000 	/System/Library/PrivateFrameworks/PerformanceAnalysis.framework/Versions/A/PerformanceAnalysis
0x00007fff5d33c000 	/System/Library/Frameworks/OpenGL.framework/Versions/A/OpenGL
0x00007fff52e42000 	/System/Library/Frameworks/ColorSync.framework/Versions/A/ColorSync
0x00007fff54182000 	/System/Library/Frameworks/CoreImage.framework/Versions/A/CoreImage
0x00007fff552d8000 	/System/Library/Frameworks/CoreText.framework/Versions/A/CoreText
0x00007fff560d9000 	/System/Library/Frameworks/ImageIO.framework/Versions/A/ImageIO
0x00007fff64406000 	/System/Library/PrivateFrameworks/Backup.framework/Versions/A/Backup
0x00007fff7c6d1000 	/usr/lib/libarchive.2.dylib
0x00007fff5257b000 	/System/Library/Frameworks/CFNetwork.framework/Versions/A/CFNetwork
0x00007fff5f33e000 	/System/Library/Frameworks/SystemConfiguration.framework/Versions/A/SystemConfiguration
0x00007fff7c11b000 	/usr/lib/libCRFSuite.dylib
0x00007fff7c850000 	/usr/lib/libbsm.0.dylib
0x00007fff7f65e000 	/usr/lib/system/libkxld.dylib
0x00007fff637f7000 	/System/Library/PrivateFrameworks/AppleFSCompression.framework/Versions/A/AppleFSCompression
0x00007fff7c4ea000 	/usr/lib/libOpenScriptingUtil.dylib
0x00007fff7cb78000 	/usr/lib/libcoretls.dylib
0x00007fff7cb8f000 	/usr/lib/libcoretls_cfhelpers.dylib
0x00007fff7e5fa000 	/usr/lib/libpam.2.dylib
0x00007fff7e7ba000 	/usr/lib/libsqlite3.dylib
0x00007fff7ebb4000 	/usr/lib/libxar.1.dylib
0x00007fff7c861000 	/usr/lib/libbz2.1.0.dylib
0x00007fff7d5cf000 	/usr/lib/liblzma.5.dylib
0x00007fff7da80000 	/usr/lib/libnetwork.dylib
0x00007fff7c6ba000 	/usr/lib/libapple_nghttp2.dylib
0x00007fff7e601000 	/usr/lib/libpcap.A.dylib
0x00007fff54c9f000 	/System/Library/Frameworks/CoreServices.framework/Versions/A/Frameworks/FSEvents.framework/Versions/A/FSEvents
0x00007fff5497e000 	/System/Library/Frameworks/CoreServices.framework/Versions/A/Frameworks/CarbonCore.framework/Versions/A/CarbonCore
0x00007fff54e5a000 	/System/Library/Frameworks/CoreServices.framework/Versions/A/Frameworks/Metadata.framework/Versions/A/Metadata
0x00007fff54ef9000 	/System/Library/Frameworks/CoreServices.framework/Versions/A/Frameworks/OSServices.framework/Versions/A/OSServices
0x00007fff54f44000 	/System/Library/Frameworks/CoreServices.framework/Versions/A/Frameworks/SearchKit.framework/Versions/A/SearchKit
0x00007fff54901000 	/System/Library/Frameworks/CoreServices.framework/Versions/A/Frameworks/AE.framework/Versions/A/AE
0x00007fff54ca8000 	/System/Library/Frameworks/CoreServices.framework/Versions/A/Frameworks/LaunchServices.framework/Versions/A/LaunchServices
0x00007fff54c56000 	/System/Library/Frameworks/CoreServices.framework/Versions/A/Frameworks/DictionaryServices.framework/Versions/A/DictionaryServices
0x00007fff54fac000 	/System/Library/Frameworks/CoreServices.framework/Versions/A/Frameworks/SharedFileList.framework/Versions/A/SharedFileList
0x00007fff59317000 	/System/Library/Frameworks/NetFS.framework/Versions/A/NetFS
0x00007fff7249a000 	/System/Library/PrivateFrameworks/NetAuth.framework/Versions/A/NetAuth
0x00007fff7be4f000 	/System/Library/PrivateFrameworks/login.framework/Versions/A/Frameworks/loginsupport.framework/Versions/A/loginsupport
0x00007fff79f6f000 	/System/Library/PrivateFrameworks/TCC.framework/Versions/A/TCC
0x00007fff67411000 	/System/Library/PrivateFrameworks/CoreNLP.framework/Versions/A/CoreNLP
0x00007fff71f2f000 	/System/Library/PrivateFrameworks/MetadataUtilities.framework/Versions/A/MetadataUtilities
0x00007fff7d6a4000 	/usr/lib/libmecabra.dylib
0x00007fff51ac7000 	/System/Library/Frameworks/ApplicationServices.framework/Versions/A/Frameworks/ATS.framework/Versions/A/ATS
0x00007fff51e16000 	/System/Library/Frameworks/ApplicationServices.framework/Versions/A/Frameworks/ColorSyncLegacy.framework/Versions/A/ColorSyncLegacy
0x00007fff51eb5000 	/System/Library/Frameworks/ApplicationServices.framework/Versions/A/Frameworks/HIServices.framework/Versions/A/HIServices
0x00007fff51f08000 	/System/Library/Frameworks/ApplicationServices.framework/Versions/A/Frameworks/LangAnalysis.framework/Versions/A/LangAnalysis
0x00007fff51f18000 	/System/Library/Frameworks/ApplicationServices.framework/Versions/A/Frameworks/PrintCore.framework/Versions/A/PrintCore
0x00007fff51f62000 	/System/Library/Frameworks/ApplicationServices.framework/Versions/A/Frameworks/QD.framework/Versions/A/QD
0x00007fff51f9c000 	/System/Library/Frameworks/ApplicationServices.framework/Versions/A/Frameworks/SpeechSynthesis.framework/Versions/A/SpeechSynthesis
0x00007fff7c8eb000 	/usr/lib/libcompression.dylib
0x00007fff5851f000 	/System/Library/Frameworks/MetalPerformanceShaders.framework/Versions/A/MetalPerformanceShaders
0x00007fff4faa3000 	/System/Library/Frameworks/Accelerate.framework/Versions/A/Frameworks/vImage.framework/Versions/A/vImage
0x00007fff50b1d000 	/System/Library/Frameworks/Accelerate.framework/Versions/A/Frameworks/vecLib.framework/Versions/A/vecLib
0x00007fff50a69000 	/System/Library/Frameworks/Accelerate.framework/Versions/A/Frameworks/vecLib.framework/Versions/A/libvMisc.dylib
0x00007fff50881000 	/System/Library/Frameworks/Accelerate.framework/Versions/A/Frameworks/vecLib.framework/Versions/A/libvDSP.dylib
0x00007fff5013d000 	/System/Library/Frameworks/Accelerate.framework/Versions/A/Frameworks/vecLib.framework/Versions/A/libBLAS.dylib
0x00007fff5042a000 	/System/Library/Frameworks/Accelerate.framework/Versions/A/Frameworks/vecLib.framework/Versions/A/libLAPACK.dylib
0x00007fff507d4000 	/System/Library/Frameworks/Accelerate.framework/Versions/A/Frameworks/vecLib.framework/Versions/A/libLinearAlgebra.dylib
0x00007fff5086d000 	/System/Library/Frameworks/Accelerate.framework/Versions/A/Frameworks/vecLib.framework/Versions/A/libSparseBLAS.dylib
0x00007fff507ea000 	/System/Library/Frameworks/Accelerate.framework/Versions/A/Frameworks/vecLib.framework/Versions/A/libQuadrature.dylib
0x00007fff503b7000 	/System/Library/Frameworks/Accelerate.framework/Versions/A/Frameworks/vecLib.framework/Versions/A/libBNNS.dylib
0x00007fff507f0000 	/System/Library/Frameworks/Accelerate.framework/Versions/A/Frameworks/vecLib.framework/Versions/A/libSparse.dylib
0x00007fff6e75f000 	/System/Library/PrivateFrameworks/GPUWrangler.framework/Versions/A/GPUWrangler
0x00007fff70a5e000 	/System/Library/PrivateFrameworks/IOAccelerator.framework/Versions/A/IOAccelerator
0x00007fff70a69000 	/System/Library/PrivateFrameworks/IOPresentment.framework/Versions/A/IOPresentment
0x00007fff681e9000 	/System/Library/PrivateFrameworks/DSExternalDisplay.framework/Versions/A/DSExternalDisplay
0x00007fff5c793000 	/System/Library/Frameworks/OpenGL.framework/Versions/A/Libraries/libCoreFSCache.dylib
0x00007fff58313000 	/System/Library/Frameworks/MetalPerformanceShaders.framework/Frameworks/MPSCore.framework/Versions/A/MPSCore
0x00007fff58333000 	/System/Library/Frameworks/MetalPerformanceShaders.framework/Frameworks/MPSImage.framework/Versions/A/MPSImage
0x00007fff583d8000 	/System/Library/Frameworks/MetalPerformanceShaders.framework/Frameworks/MPSNeuralNetwork.framework/Versions/A/MPSNeuralNetwork
0x00007fff583b0000 	/System/Library/Frameworks/MetalPerformanceShaders.framework/Frameworks/MPSMatrix.framework/Versions/A/MPSMatrix
0x00007fff58504000 	/System/Library/Frameworks/MetalPerformanceShaders.framework/Frameworks/MPSRayIntersector.framework/Versions/A/MPSRayIntersector
0x00007fff71f58000 	/System/Library/PrivateFrameworks/MetalTools.framework/Versions/A/MetalTools
0x00007fff630a1000 	/System/Library/PrivateFrameworks/AggregateDictionary.framework/Versions/A/AggregateDictionary
0x00007fff7c4ca000 	/usr/lib/libMobileGestalt.dylib
0x00007fff5543b000 	/System/Library/Frameworks/CoreVideo.framework/Versions/A/CoreVideo
0x00007fff6f570000 	/System/Library/PrivateFrameworks/GraphVisualizer.framework/Versions/A/GraphVisualizer
0x00007fff693ef000 	/System/Library/PrivateFrameworks/FaceCore.framework/Versions/A/FaceCore
0x00007fff5bdc1000 	/System/Library/Frameworks/OpenCL.framework/Versions/A/OpenCL
0x00007fff7c222000 	/usr/lib/libFosl_dynamic.dylib
0x00007fff72d05000 	/System/Library/PrivateFrameworks/OTSVG.framework/Versions/A/OTSVG
0x00007fff51bcb000 	/System/Library/Frameworks/ApplicationServices.framework/Versions/A/Frameworks/ATS.framework/Versions/A/Resources/libFontParser.dylib
0x00007fff51ce3000 	/System/Library/Frameworks/ApplicationServices.framework/Versions/A/Frameworks/ATS.framework/Versions/A/Resources/libFontRegistry.dylib
0x00007fff56348000 	/System/Library/Frameworks/ImageIO.framework/Versions/A/Resources/libJPEG.dylib
0x00007fff5665a000 	/System/Library/Frameworks/ImageIO.framework/Versions/A/Resources/libTIFF.dylib
0x00007fff56630000 	/System/Library/Frameworks/ImageIO.framework/Versions/A/Resources/libPng.dylib
0x00007fff56266000 	/System/Library/Frameworks/ImageIO.framework/Versions/A/Resources/libGIF.dylib
0x00007fff5626b000 	/System/Library/Frameworks/ImageIO.framework/Versions/A/Resources/libJP2.dylib
0x00007fff56657000 	/System/Library/Frameworks/ImageIO.framework/Versions/A/Resources/libRadiance.dylib
0x00007fff6394e000 	/System/Library/PrivateFrameworks/AppleJPEG.framework/Versions/A/AppleJPEG
0x00007fff5c79e000 	/System/Library/Frameworks/OpenGL.framework/Versions/A/Libraries/libGFXShared.dylib
0x00007fff5c961000 	/System/Library/Frameworks/OpenGL.framework/Versions/A/Libraries/libGLU.dylib
0x00007fff5c7a7000 	/System/Library/Frameworks/OpenGL.framework/Versions/A/Libraries/libGL.dylib
0x00007fff5c7b3000 	/System/Library/Frameworks/OpenGL.framework/Versions/A/Libraries/libGLImage.dylib
0x00007fff5c790000 	/System/Library/Frameworks/OpenGL.framework/Versions/A/Libraries/libCVMSPluginSupport.dylib
0x00007fff5c799000 	/System/Library/Frameworks/OpenGL.framework/Versions/A/Libraries/libCoreVMClient.dylib
0x00007fff7d03c000 	/usr/lib/libcups.2.dylib
0x00007fff5781a000 	/System/Library/Frameworks/Kerberos.framework/Versions/A/Kerberos
0x00007fff55d49000 	/System/Library/Frameworks/GSS.framework/Versions/A/GSS
0x00007fff7e74f000 	/usr/lib/libresolv.9.dylib
0x00007fff7d22e000 	/usr/lib/libiconv.2.dylib
0x00007fff6f6e5000 	/System/Library/PrivateFrameworks/Heimdal.framework/Versions/A/Heimdal
0x00007fff7d1fe000 	/usr/lib/libheimdal-asn1.dylib
0x00007fff5be35000 	/System/Library/Frameworks/OpenDirectory.framework/Versions/A/OpenDirectory
0x00007fff66174000 	/System/Library/PrivateFrameworks/CommonAuth.framework/Versions/A/CommonAuth
0x00007fff5be19000 	/System/Library/Frameworks/OpenDirectory.framework/Versions/A/Frameworks/CFOpenDirectory.framework/Versions/A/CFOpenDirectory
0x00007fff5eee3000 	/System/Library/Frameworks/SecurityFoundation.framework/Versions/A/SecurityFoundation
0x00007fff625e7000 	/System/Library/PrivateFrameworks/APFS.framework/Versions/A/APFS
0x00007fff7ebb0000 	/usr/lib/libutil.dylib
0x00007fff7c8d9000 	/usr/lib/libcharset.1.dylib
0x00007fff63beb000 	/System/Library/PrivateFrameworks/AppleSauce.framework/Versions/A/AppleSauce
0x00007fff63d6c000 	/System/Library/PrivateFrameworks/AssertionServices.framework/Versions/A/AssertionServices
0x00007fff6449c000 	/System/Library/PrivateFrameworks/BaseBoard.framework/Versions/A/BaseBoard
0x00007fff7d5ff000 	/usr/lib/libmecab.1.0.0.dylib
0x00007fff7d1f8000 	/usr/lib/libgermantok.dylib
0x00007fff7c6a7000 	/usr/lib/libThaiTokenizer.dylib
0x00007fff7c152000 	/usr/lib/libChineseTokenizer.dylib
0x00007fff71116000 	/System/Library/PrivateFrameworks/LanguageModeling.framework/Versions/A/LanguageModeling
0x00007fff66e56000 	/System/Library/PrivateFrameworks/CoreEmoji.framework/Versions/A/CoreEmoji
0x00007fff711f2000 	/System/Library/PrivateFrameworks/Lexicon.framework/Versions/A/Lexicon
0x00007fff71235000 	/System/Library/PrivateFrameworks/LinguisticData.framework/Versions/A/LinguisticData
0x00007fff7c8da000 	/usr/lib/libcmph.dylib
0x00007fff5efa1000 	/System/Library/Frameworks/ServiceManagement.framework/Versions/A/ServiceManagement
0x00007fff643fd000 	/System/Library/PrivateFrameworks/BackgroundTaskManagement.framework/Versions/A/BackgroundTaskManagement
0x00007fff7ecaa000 	/usr/lib/libxslt.1.dylib
0x00007fff52c39000 	/System/Library/Frameworks/Carbon.framework/Versions/A/Frameworks/Ink.framework/Versions/A/Ink
0x00007fff7a1e1000 	/System/Library/PrivateFrameworks/TextureIO.framework/Versions/A/TextureIO
0x00007fff7c6fb000 	/usr/lib/libate.dylib
0x00007fff68138000 	/System/Library/PrivateFrameworks/CrashReporterSupport.framework/Versions/A/CrashReporterSupport
0x00007fff7791b000 	/System/Library/PrivateFrameworks/Sharing.framework/Versions/A/Sharing
0x00007fff6414f000 	/System/Library/PrivateFrameworks/AuthKit.framework/Versions/A/AuthKit
0x00007fff636a3000 	/System/Library/PrivateFrameworks/Apple80211.framework/Versions/A/Apple80211
0x00007fff67ee0000 	/System/Library/PrivateFrameworks/CoreUtils.framework/Versions/A/CoreUtils
0x00007fff5547c000 	/System/Library/Frameworks/CoreWLAN.framework/Versions/A/CoreWLAN
0x00007fff55e78000 	/System/Library/Frameworks/IOBluetooth.framework/Versions/A/IOBluetooth
0x00007fff75d8f000 	/System/Library/PrivateFrameworks/ProtocolBuffer.framework/Versions/A/ProtocolBuffer
0x00007fff72190000 	/System/Library/PrivateFrameworks/MobileKeyBag.framework/Versions/A/MobileKeyBag
0x00007fff67724000 	/System/Library/PrivateFrameworks/CorePhoneNumbers.framework/Versions/A/CorePhoneNumbers
0x00007fff63902000 	/System/Library/PrivateFrameworks/AppleIDAuthSupport.framework/Versions/A/AppleIDAuthSupport
0x00007fff710e9000 	/System/Library/PrivateFrameworks/KeychainCircle.framework/Versions/A/KeychainCircle
0x00007fff75f45000 	/System/Library/PrivateFrameworks/ROCKit.framework/Versions/A/ROCKit
0x00007fff680d4000 	/System/Library/PrivateFrameworks/CoreWiFi.framework/Versions/A/CoreWiFi
0x00007fff53207000 	/System/Library/Frameworks/CoreBluetooth.framework/Versions/A/CoreBluetooth
0x00007fff6832f000 	/System/Library/PrivateFrameworks/DebugSymbols.framework/Versions/A/DebugSymbols
0x00007fff67ca0000 	/System/Library/PrivateFrameworks/CoreSymbolication.framework/Versions/A/CoreSymbolication
0x00007fff799fc000 	/System/Library/PrivateFrameworks/Symbolication.framework/Versions/A/Symbolication
0x00007fff7929f000 	/System/Library/PrivateFrameworks/SpeechRecognitionCore.framework/Versions/A/SpeechRecognitionCore
0x00007fff47d8a000 	/System/Library/CoreServices/Encodings/libJapaneseConverter.dylib
0x0000000108e00000 	/usr/local/Cellar/openjdk/13.0.2+8_2/libexec/openjdk.jdk/Contents/Home/lib/server/libjvm.dylib
0x00000001085d7000 	/usr/local/Cellar/openjdk/13.0.2+8_2/libexec/openjdk.jdk/Contents/Home/lib/libverify.dylib
0x0000000109c7a000 	/usr/local/Cellar/openjdk/13.0.2+8_2/libexec/openjdk.jdk/Contents/Home/lib/libjava.dylib
0x0000000109ce8000 	/usr/local/Cellar/openjdk/13.0.2+8_2/libexec/openjdk.jdk/Contents/Home/lib/libzip.dylib
0x0000000109cf1000 	/usr/local/Cellar/openjdk/13.0.2+8_2/libexec/openjdk.jdk/Contents/Home/lib/libjimage.dylib
0x0000000115748000 	/usr/local/Cellar/openjdk/13.0.2+8_2/libexec/openjdk.jdk/Contents/Home/lib/libnio.dylib
0x0000000115758000 	/usr/local/Cellar/openjdk/13.0.2+8_2/libexec/openjdk.jdk/Contents/Home/lib/./libnet.dylib


VM Arguments:
jvm_args: -Dfile.encoding=UTF-8 
java_command: org.apache.catalina.startup.Tomcat$1
java_class_path (initial): /Users/fukuishun/Documents/workspace-spring-tool-suite-4-4.6.0.RELEASE/SpringSample/target/classes:/Users/fukuishun/.m2/repository/org/springframework/boot/spring-boot-starter-jdbc/2.0.4.RELEASE/spring-boot-starter-jdbc-2.0.4.RELEASE.jar:/Users/fukuishun/.m2/repository/org/springframework/boot/spring-boot-starter/2.0.4.RELEASE/spring-boot-starter-2.0.4.RELEASE.jar:/Users/fukuishun/.m2/repository/org/springframework/boot/spring-boot-starter-logging/2.0.4.RELEASE/spring-boot-starter-logging-2.0.4.RELEASE.jar:/Users/fukuishun/.m2/repository/ch/qos/logback/logback-classic/1.2.3/logback-classic-1.2.3.jar:/Users/fukuishun/.m2/repository/ch/qos/logback/logback-core/1.2.3/logback-core-1.2.3.jar:/Users/fukuishun/.m2/repository/org/apache/logging/log4j/log4j-to-slf4j/2.10.0/log4j-to-slf4j-2.10.0.jar:/Users/fukuishun/.m2/repository/org/apache/logging/log4j/log4j-api/2.10.0/log4j-api-2.10.0.jar:/Users/fukuishun/.m2/repository/org/slf4j/jul-to-slf4j/1.7.25/jul-to-slf4j-1.7.25.jar:/Users/fukuishun/.m2/repository/javax/annotation/javax.annotation-api/1.3.2/javax.annotation-api-1.3.2.jar:/Users/fukuishun/.m2/repository/org/yaml/snakeyaml/1.19/snakeyaml-1.19.jar:/Users/fukuishun/.m2/repository/com/zaxxer/HikariCP/2.7.9/HikariCP-2.7.9.jar:/Users/fukuishun/.m2/repository/org/springframework/spring-jdbc/5.0.8.RELEASE/spring-jdbc-5.0.8.RELEASE.jar:/Users/fukuishun/.m2/repository/org/springframework/spring-tx/5.0.8.RELEASE/spring-tx-5.0.8.RELEASE.jar:/Users/fukuishun/.m2/repository/org/springframework/boot/spring-boot-starter-thymeleaf/2.0.4.RELEASE/spring-boot-starter-thymeleaf-2.0.4.RELEASE.jar:/Users/fukuishun/.m2/repository/org/thymeleaf/thymeleaf-spring5/3.0.9.RELEASE/thymeleaf-spring5-3.0.9.RELEASE.jar:/Users/fukuishun/.m2/repository/org/thymeleaf/thymeleaf/3.0.9.RELEASE/thymeleaf-3.0.9.RELEASE.jar:/Users/fukuishun/.m2/repository/org/attoparser/attoparser/2.0.4.RELEASE/attoparser-2.0.4.RELEASE.jar:/Users/fukuishun/.m2/repository/org/unbescape/unbescape/
Launcher Type: SUN_STANDARD

[Global flags]
     intx CICompilerCount                          = 3                                         {product} {ergonomic}
     uint ConcGCThreads                            = 1                                         {product} {ergonomic}
     uint G1ConcRefinementThreads                  = 4                                         {product} {ergonomic}
   size_t G1HeapRegionSize                         = 1048576                                   {product} {ergonomic}
    uintx GCDrainStackTargetSize                   = 64                                        {product} {ergonomic}
   size_t InitialHeapSize                          = 134217728                                 {product} {ergonomic}
   size_t MarkStackSize                            = 4194304                                   {product} {ergonomic}
   size_t MaxHeapSize                              = 2147483648                                {product} {ergonomic}
   size_t MaxNewSize                               = 1287651328                                {product} {ergonomic}
   size_t MinHeapDeltaBytes                        = 1048576                                   {product} {ergonomic}
   size_t MinHeapSize                              = 8388608                                   {product} {ergonomic}
    uintx NonNMethodCodeHeapSize                   = 5832780                                {pd product} {ergonomic}
    uintx NonProfiledCodeHeapSize                  = 122912730                              {pd product} {ergonomic}
    uintx ProfiledCodeHeapSize                     = 122912730                              {pd product} {ergonomic}
    uintx ReservedCodeCacheSize                    = 251658240                              {pd product} {ergonomic}
     bool SegmentedCodeCache                       = true                                      {product} {ergonomic}
   size_t SoftMaxHeapSize                          = 2147483648                             {manageable} {ergonomic}
     bool UseCompressedClassPointers               = true                                 {lp64_product} {ergonomic}
     bool UseCompressedOops                        = true                                 {lp64_product} {ergonomic}
     bool UseG1GC                                  = true                                      {product} {ergonomic}

Logging:
Log output configuration:
 #0: stdout all=warning uptime,level,tags
 #1: stderr all=off uptime,level,tags

Environment Variables:
PATH=/usr/bin:/bin:/usr/sbin:/sbin
SHELL=/bin/bash

Signal Handlers:
SIGSEGV: [libjvm.dylib+0x7f0282], sa_mask[0]=11111111011111110111111111111111, sa_flags=SA_ONSTACK|SA_RESTART|SA_SIGINFO
SIGBUS: [libjvm.dylib+0x7f0282], sa_mask[0]=11111111011111110111111111111111, sa_flags=SA_RESTART|SA_SIGINFO
SIGFPE: [libjvm.dylib+0x7f0282], sa_mask[0]=11111111011111110111111111111111, sa_flags=SA_RESTART|SA_SIGINFO
SIGPIPE: [libjvm.dylib+0x6357e1], sa_mask[0]=11111111011111110111111111111111, sa_flags=SA_RESTART|SA_SIGINFO
SIGXFSZ: [libjvm.dylib+0x6357e1], sa_mask[0]=11111111011111110111111111111111, sa_flags=SA_RESTART|SA_SIGINFO
SIGILL: [libjvm.dylib+0x7f0282], sa_mask[0]=11111111011111110111111111111111, sa_flags=SA_RESTART|SA_SIGINFO
SIGUSR2: [libjvm.dylib+0x635db6], sa_mask[0]=00100000000000000000000000000000, sa_flags=SA_RESTART|SA_SIGINFO
SIGHUP: [libjvm.dylib+0x634daf], sa_mask[0]=11111111011111110111111111111111, sa_flags=SA_RESTART|SA_SIGINFO
SIGINT: [libjvm.dylib+0x634daf], sa_mask[0]=11111111011111110111111111111111, sa_flags=SA_RESTART|SA_SIGINFO
SIGTERM: [libjvm.dylib+0x634daf], sa_mask[0]=11111111011111110111111111111111, sa_flags=SA_RESTART|SA_SIGINFO
SIGQUIT: [libjvm.dylib+0x634daf], sa_mask[0]=11111111011111110111111111111111, sa_flags=SA_RESTART|SA_SIGINFO


---------------  S Y S T E M  ---------------

OS:uname:Darwin 18.7.0 Darwin Kernel Version 18.7.0: Thu Jan 23 06:52:12 PST 2020; root:xnu-4903.278.25~1/RELEASE_X86_64 x86_64
rlimit: STACK 8192k, CORE 0k, NPROC 709, NOFILE 10240, AS infinity, DATA infinity, FSIZE infinity
load average:2.73 2.28 2.42

CPU:total 4 (initial active 4) (2 cores per cpu, 2 threads per core) family 6 model 142 stepping 9, cmov, cx8, fxsr, mmx, sse, sse2, sse3, ssse3, sse4.1, sse4.2, popcnt, avx, avx2, aes, clmul, erms, 3dnowpref, lzcnt, ht, tsc, tscinvbit, bmi1, bmi2, adx, fma

Memory: 4k page, physical 8388608k(29304k free), swap 1048576k(1034240k free)

vm_info: OpenJDK 64-Bit Server VM (13.0.2+8) for bsd-amd64 JRE (13.0.2+8), built on Feb  6 2020 02:06:57 by "brew" with clang 4.2.1 Compatible Apple LLVM 11.0.0 (clang-1100.0.33.17)

END.
