#
# A fatal error has been detected by the Java Runtime Environment:
#
#  SIGSEGV (0xb) at pc=0x0000000101fbcaf4, pid=891, tid=5891
#
# JRE version: OpenJDK Runtime Environment (13.0.2+8) (build 13.0.2+8)
# Java VM: OpenJDK 64-Bit Server VM (13.0.2+8, mixed mode, sharing, tiered, compressed oops, g1 gc, bsd-amd64)
# Problematic frame:
# V  [libjvm.dylib+0x7bcaf4]  EnableIf<HasDecorator<1097844ull, MO_UNORDERED>::value, oopDesc*>::type RawAccessBarrier<1097844ull>::load_internal<1097844ull, oopDesc*>(void*)+0x4
#
# No core dump will be written. Core dumps have been disabled. To enable core dumping, try "ulimit -c unlimited" before starting Java again
#
# If you would like to submit a bug report, please visit:
#   http://bugreport.java.com/bugreport/crash.jsp
#

---------------  S U M M A R Y ------------

Command Line: -Dfile.encoding=UTF-8 org.apache.catalina.startup.Tomcat$1

Host: MacBookAir8,1 x86_64 1600 MHz, 4 cores, 8G, Darwin 18.7.0
Time: Thu May  7 09:02:05 2020 JST elapsed time: 0 seconds (0d 0h 0m 0s)

---------------  T H R E A D  ---------------

Current thread (0x00007fce87803000):  JavaThread "main" [_thread_in_vm, id=5891, stack(0x0000700008584000,0x0000700008684000)]

Stack: [0x0000700008584000,0x0000700008684000],  sp=0x0000700008683d10,  free space=1023k
Native frames: (J=compiled Java code, A=aot compiled Java code, j=interpreted, Vv=VM code, C=native code)
V  [libjvm.dylib+0x7bcaf4]  EnableIf<HasDecorator<1097844ull, MO_UNORDERED>::value, oopDesc*>::type RawAccessBarrier<1097844ull>::load_internal<1097844ull, oopDesc*>(void*)+0x4
V  [libjvm.dylib+0x7bcab9]  oopDesc* RawAccessBarrier<1097844ull>::oop_load<oopDesc*>(void*)+0x9
V  [libjvm.dylib+0x7bcb2b]  oopDesc* G1BarrierSet::AccessBarrier<1097844ull, G1BarrierSet>::oop_load_not_in_heap<oopDesc*>(oopDesc**)+0xb
V  [libjvm.dylib+0x3ed98c]  jni_GetStringUTFChars+0xde
C  [libjli.dylib+0x906c]  PostJVMInit+0xa6
C  [libjli.dylib+0x6a65]  JavaMain+0xa41
C  [libjli.dylib+0x8d1b]  ThreadJavaMain+0x9
C  [libsystem_pthread.dylib+0x32eb]  _pthread_body+0x7e
C  [libsystem_pthread.dylib+0x6249]  _pthread_start+0x42
C  [libsystem_pthread.dylib+0x240d]  thread_start+0xd


siginfo: si_signo: 11 (SIGSEGV), si_code: 1 (SEGV_MAPERR), si_addr: 0x0000000000000000

Register to memory mapping:

RAX=0x0 is NULL
RBX=0x00007fce87803310 points into unknown readable memory: 20 ba 1b 02 01 00 00 00
RCX=0x00000001021bba20: jni_NativeInterface+0 in /usr/local/Cellar/openjdk/13.0.2+8_2/libexec/openjdk.jdk/Contents/Home/lib/server/libjvm.dylib at 0x0000000101800000
RDX=0x0 is NULL
RSP=0x0000700008683d10 is pointing into the stack for thread: 0x00007fce87803000
RBP=0x0000700008683d10 is pointing into the stack for thread: 0x00007fce87803000
RSI=0x0 is NULL
RDI=0x0 is NULL
R8 =0x0 is NULL
R9 =0x0 is NULL
R10=0x0000000102237ad0: _ZN19TemplateInterpreter13_active_tableE+0x4800 in /usr/local/Cellar/openjdk/13.0.2+8_2/libexec/openjdk.jdk/Contents/Home/lib/server/libjvm.dylib at 0x0000000101800000
R11=0x00000008009dec00 is pointing into metadata
R12=0x00007fce87803000 is a thread
R13=0x0 is NULL
R14=0x0 is NULL
R15=0x0 is NULL


Registers:
RAX=0x0000000000000000, RBX=0x00007fce87803310, RCX=0x00000001021bba20, RDX=0x0000000000000000
RSP=0x0000700008683d10, RBP=0x0000700008683d10, RSI=0x0000000000000000, RDI=0x0000000000000000
R8 =0x0000000000000000, R9 =0x0000000000000000, R10=0x0000000102237ad0, R11=0x00000008009dec00
R12=0x00007fce87803000, R13=0x0000000000000000, R14=0x0000000000000000, R15=0x0000000000000000
RIP=0x0000000101fbcaf4, EFLAGS=0x0000000000010246, ERR=0x0000000000000004
  TRAPNO=0x000000000000000e

Top of Stack: (sp=0x0000700008683d10)
0x0000700008683d10:   0000700008683d20 0000000101fbcab9
0x0000700008683d20:   0000700008683d40 0000000101fbcb2b
0x0000700008683d30:   0000000000000000 00007fce87803310
0x0000700008683d40:   0000700008683de0 0000000101bed98c
0x0000700008683d50:   0000700008683d70 0000000101fb9893
0x0000700008683d60:   000000010222cd01 00007fce87803000
0x0000700008683d70:   0000700008683d90 0000000101fb9b2a
0x0000700008683d80:   00007fce87803000 0000000000000000
0x0000700008683d90:   0000700008683db0 0000000101fb9afc
0x0000700008683da0:   00007fce87803000 00007fce87803310
0x0000700008683db0:   0000700008683de0 00007fce87803310
0x0000700008683dc0:   00007fce87701e88 0000000000000000
0x0000700008683dd0:   0000000000000000 00007fce87701e80
0x0000700008683de0:   0000700008683e70 0000000100af406c
0x0000700008683df0:   000000010222cd01 00007fce87803000
0x0000700008683e00:   0000700008683e20 0000000101fb9b2a
0x0000700008683e10:   00007fce87602dc0 00007fce87803000
0x0000700008683e20:   0000700008683e40 0000000101fb9afc
0x0000700008683e30:   00007fce87609770 0000000000000000
0x0000700008683e40:   0000700008683e70 6ad9e4b8172c00b1
0x0000700008683e50:   00007fce87803310 00007fce87701e88
0x0000700008683e60:   00007fce87701e98 00007fce87701e80
0x0000700008683e70:   0000700008683f00 0000000100af1a65
0x0000700008683e80:   0000000000000000 00000171ec7632ff
0x0000700008683e90:   0000000400010002 00007fce87701a50
0x0000700008683ea0:   0000000000000000 0000000000000000
0x0000700008683eb0:   00007fce87503bb8 0000000000000001
0x0000700008683ec0:   00007fce87503b40 00007fce87803310
0x0000700008683ed0:   00000001021bba18 0000700008684000
0x0000700008683ee0:   0000000000000000 0000000000000000
0x0000700008683ef0:   0000000000000000 0000000000000000
0x0000700008683f00:   0000700008683f10 0000000100af3d1b 

Instructions: (pc=0x0000000101fbcaf4)
0x0000000101fbc9f4:   00 be ef 00 00 00 31 c0 e8 d1 11 aa ff e8 cc 6d
0x0000000101fbca04:   e7 ff 31 c0 5d c3 66 0f 1f 44 00 00 55 48 89 e5
0x0000000101fbca14:   e8 37 fb ff ff 48 89 c7 e8 3f fb ff ff ff c8 83
0x0000000101fbca24:   f8 04 73 0f 48 98 48 8d 0d af 21 1f 00 48 8b 04
0x0000000101fbca34:   c1 5d c3 48 8d 3d 31 e4 05 00 48 8d 15 93 e4 05
0x0000000101fbca44:   00 be ef 00 00 00 31 c0 e8 81 11 aa ff e8 7c 6d
0x0000000101fbca54:   e7 ff 31 c0 5d c3 66 0f 1f 44 00 00 55 48 89 e5
0x0000000101fbca64:   5d e9 36 00 00 00 66 0f 1f 44 00 00 55 48 89 e5
0x0000000101fbca74:   5d e9 96 00 00 00 66 0f 1f 44 00 00 55 48 89 e5
0x0000000101fbca84:   5d e9 96 00 00 00 66 0f 1f 44 00 00 55 48 89 e5
0x0000000101fbca94:   5d e9 c6 00 00 00 66 0f 1f 44 00 00 55 48 89 e5
0x0000000101fbcaa4:   5d e9 06 00 00 00 66 0f 1f 44 00 00 55 48 89 e5
0x0000000101fbcab4:   e8 17 00 00 00 48 89 c7 5d e9 1e 00 00 00 66 2e
0x0000000101fbcac4:   0f 1f 84 00 00 00 00 00 0f 1f 40 00 55 48 89 e5
0x0000000101fbcad4:   5d e9 16 00 00 00 66 0f 1f 44 00 00 55 48 89 e5
0x0000000101fbcae4:   5d e9 16 00 00 00 66 0f 1f 44 00 00 55 48 89 e5
0x0000000101fbcaf4:   48 8b 07 5d c3 0f 1f 80 00 00 00 00 55 48 89 e5
0x0000000101fbcb04:   48 89 f8 5d c3 0f 1f 80 00 00 00 00 55 48 89 e5
0x0000000101fbcb14:   5d e9 96 ff ff ff 66 0f 1f 44 00 00 55 48 89 e5
0x0000000101fbcb24:   53 50 e8 25 00 00 00 48 89 c3 bf 74 c0 10 00 48
0x0000000101fbcb34:   89 c6 e8 45 fb ff ff 48 89 d8 48 83 c4 08 5b 5d
0x0000000101fbcb44:   c3 66 2e 0f 1f 84 00 00 00 00 00 90 55 48 89 e5
0x0000000101fbcb54:   5d e9 56 ff ff ff 66 0f 1f 44 00 00 55 48 89 e5
0x0000000101fbcb64:   53 50 e8 35 00 00 00 48 89 c3 e8 7d fb ff ff 48
0x0000000101fbcb74:   89 c7 48 89 de e8 a8 44 f0 ff 48 89 c3 bf 74 c0
0x0000000101fbcb84:   10 00 48 89 c6 e8 82 fb ff ff 48 89 d8 48 83 c4
0x0000000101fbcb94:   08 5b 5d c3 0f 1f 84 00 00 00 00 00 55 48 89 e5
0x0000000101fbcba4:   5d e9 06 ff ff ff 66 0f 1f 44 00 00 55 48 89 e5
0x0000000101fbcbb4:   5d e9 36 00 00 00 66 0f 1f 44 00 00 55 48 89 e5
0x0000000101fbcbc4:   5d e9 96 00 00 00 66 0f 1f 44 00 00 55 48 89 e5
0x0000000101fbcbd4:   5d e9 96 00 00 00 66 0f 1f 44 00 00 55 48 89 e5
0x0000000101fbcbe4:   5d e9 c6 00 00 00 66 0f 1f 44 00 00 55 48 89 e5 


Stack slot to memory mapping:
stack at sp + 0 slots: 0x0000700008683d20 is pointing into the stack for thread: 0x00007fce87803000
stack at sp + 1 slots: 0x0000000101fbcab9: _ZN16RawAccessBarrierILy1097844EE8oop_loadIP7oopDescEET_Pv+0x9 in /usr/local/Cellar/openjdk/13.0.2+8_2/libexec/openjdk.jdk/Contents/Home/lib/server/libjvm.dylib at 0x0000000101800000
stack at sp + 2 slots: 0x0000700008683d40 is pointing into the stack for thread: 0x00007fce87803000
stack at sp + 3 slots: 0x0000000101fbcb2b: _ZN12G1BarrierSet13AccessBarrierILy1097844ES_E20oop_load_not_in_heapIP7oopDescEES4_PT_+0xb in /usr/local/Cellar/openjdk/13.0.2+8_2/libexec/openjdk.jdk/Contents/Home/lib/server/libjvm.dylib at 0x0000000101800000
stack at sp + 4 slots: 0x0 is NULL
stack at sp + 5 slots: 0x00007fce87803310 points into unknown readable memory: 20 ba 1b 02 01 00 00 00
stack at sp + 6 slots: 0x0000700008683de0 is pointing into the stack for thread: 0x00007fce87803000
stack at sp + 7 slots: 0x0000000101bed98c: jni_GetStringUTFChars+0xde in /usr/local/Cellar/openjdk/13.0.2+8_2/libexec/openjdk.jdk/Contents/Home/lib/server/libjvm.dylib at 0x0000000101800000


---------------  P R O C E S S  ---------------

Threads class SMR info:
_java_thread_list=0x00007fce87716960, length=9, elements={
0x00007fce87803000, 0x00007fce8802e800, 0x00007fce89023000, 0x00007fce88007800,
0x00007fce88033800, 0x00007fce8804c800, 0x00007fce89000000, 0x00007fce8881b800,
0x00007fce8786a000
}

Java Threads: ( => current thread )
=>0x00007fce87803000 JavaThread "main" [_thread_in_vm, id=5891, stack(0x0000700008584000,0x0000700008684000)]
  0x00007fce8802e800 JavaThread "Reference Handler" daemon [_thread_blocked, id=14851, stack(0x0000700008d9f000,0x0000700008e9f000)]
  0x00007fce89023000 JavaThread "Finalizer" daemon [_thread_blocked, id=17155, stack(0x0000700008ea2000,0x0000700008fa2000)]
  0x00007fce88007800 JavaThread "Signal Dispatcher" daemon [_thread_blocked, id=22019, stack(0x0000700008fa5000,0x00007000090a5000)]
  0x00007fce88033800 JavaThread "C2 CompilerThread0" daemon [_thread_blocked, id=22531, stack(0x00007000090a8000,0x00007000091a8000)]
  0x00007fce8804c800 JavaThread "C1 CompilerThread0" daemon [_thread_blocked, id=23043, stack(0x00007000091ab000,0x00007000092ab000)]
  0x00007fce89000000 JavaThread "Sweeper thread" daemon [_thread_blocked, id=23555, stack(0x00007000092ae000,0x00007000093ae000)]
  0x00007fce8881b800 JavaThread "Service Thread" daemon [_thread_blocked, id=42243, stack(0x00007000093b1000,0x00007000094b1000)]
  0x00007fce8786a000 JavaThread "Common-Cleaner" daemon [_thread_blocked, id=24323, stack(0x00007000095b7000,0x00007000096b7000)]

Other Threads:
  0x00007fce89022800 VMThread "VM Thread" [stack: 0x0000700008c9c000,0x0000700008d9c000] [id=18691]
  0x00007fce8881c800 WatcherThread [stack: 0x00007000094b4000,0x00007000095b4000] [id=24067]
  0x00007fce88025800 GCTaskThread "GC Thread#0" [stack: 0x000070000878d000,0x000070000888d000] [id=20483]
  0x00007fce8901c800 ConcurrentGCThread "G1 Main Marker" [stack: 0x0000700008890000,0x0000700008990000] [id=12547]
  0x00007fce88816000 ConcurrentGCThread "G1 Conc#0" [stack: 0x0000700008993000,0x0000700008a93000] [id=19715]
  0x00007fce87854000 ConcurrentGCThread "G1 Refine#0" [stack: 0x0000700008a96000,0x0000700008b96000] [id=13315]
  0x00007fce8901d000 ConcurrentGCThread "G1 Young RemSet Sampling" [stack: 0x0000700008b99000,0x0000700008c99000] [id=13571]

Threads with active compile tasks:

VM state:not at safepoint (normal execution)

VM Mutex/Monitor currently owned by a thread: None

Heap address: 0x0000000780000000, size: 2048 MB, Compressed Oops mode: Zero based, Oop shift amount: 3
Narrow klass base: 0x0000000800000000, Narrow klass shift: 3
Compressed class space size: 1073741824 Address: 0x0000000800af5000

Heap:
 garbage-first heap   total 133120K, used 2812K [0x0000000780000000, 0x0000000800000000)
  region size 1024K, 3 young (3072K), 0 survivors (0K)
 Metaspace       used 622K, capacity 4862K, committed 5120K, reserved 1056768K
  class space    used 42K, capacity 426K, committed 512K, reserved 1048576K
Heap Regions: E=young(eden), S=young(survivor), O=old, HS=humongous(starts), HC=humongous(continues), CS=collection set, F=free, A=archive, TAMS=top-at-mark-start (previous, next)
|   0|0x0000000780000000, 0x0000000780000000, 0x0000000780100000|  0%| F|  |TAMS 0x0000000780000000, 0x0000000780000000| Untracked 
|   1|0x0000000780100000, 0x0000000780100000, 0x0000000780200000|  0%| F|  |TAMS 0x0000000780100000, 0x0000000780100000| Untracked 
|   2|0x0000000780200000, 0x0000000780200000, 0x0000000780300000|  0%| F|  |TAMS 0x0000000780200000, 0x0000000780200000| Untracked 
|   3|0x0000000780300000, 0x0000000780300000, 0x0000000780400000|  0%| F|  |TAMS 0x0000000780300000, 0x0000000780300000| Untracked 
|   4|0x0000000780400000, 0x0000000780400000, 0x0000000780500000|  0%| F|  |TAMS 0x0000000780400000, 0x0000000780400000| Untracked 
|   5|0x0000000780500000, 0x0000000780500000, 0x0000000780600000|  0%| F|  |TAMS 0x0000000780500000, 0x0000000780500000| Untracked 
|   6|0x0000000780600000, 0x0000000780600000, 0x0000000780700000|  0%| F|  |TAMS 0x0000000780600000, 0x0000000780600000| Untracked 
|   7|0x0000000780700000, 0x0000000780700000, 0x0000000780800000|  0%| F|  |TAMS 0x0000000780700000, 0x0000000780700000| Untracked 
|   8|0x0000000780800000, 0x0000000780800000, 0x0000000780900000|  0%| F|  |TAMS 0x0000000780800000, 0x0000000780800000| Untracked 
|   9|0x0000000780900000, 0x0000000780900000, 0x0000000780a00000|  0%| F|  |TAMS 0x0000000780900000, 0x0000000780900000| Untracked 
|  10|0x0000000780a00000, 0x0000000780a00000, 0x0000000780b00000|  0%| F|  |TAMS 0x0000000780a00000, 0x0000000780a00000| Untracked 
|  11|0x0000000780b00000, 0x0000000780b00000, 0x0000000780c00000|  0%| F|  |TAMS 0x0000000780b00000, 0x0000000780b00000| Untracked 
|  12|0x0000000780c00000, 0x0000000780c00000, 0x0000000780d00000|  0%| F|  |TAMS 0x0000000780c00000, 0x0000000780c00000| Untracked 
|  13|0x0000000780d00000, 0x0000000780d00000, 0x0000000780e00000|  0%| F|  |TAMS 0x0000000780d00000, 0x0000000780d00000| Untracked 
|  14|0x0000000780e00000, 0x0000000780e00000, 0x0000000780f00000|  0%| F|  |TAMS 0x0000000780e00000, 0x0000000780e00000| Untracked 
|  15|0x0000000780f00000, 0x0000000780f00000, 0x0000000781000000|  0%| F|  |TAMS 0x0000000780f00000, 0x0000000780f00000| Untracked 
|  16|0x0000000781000000, 0x0000000781000000, 0x0000000781100000|  0%| F|  |TAMS 0x0000000781000000, 0x0000000781000000| Untracked 
|  17|0x0000000781100000, 0x0000000781100000, 0x0000000781200000|  0%| F|  |TAMS 0x0000000781100000, 0x0000000781100000| Untracked 
|  18|0x0000000781200000, 0x0000000781200000, 0x0000000781300000|  0%| F|  |TAMS 0x0000000781200000, 0x0000000781200000| Untracked 
|  19|0x0000000781300000, 0x0000000781300000, 0x0000000781400000|  0%| F|  |TAMS 0x0000000781300000, 0x0000000781300000| Untracked 
|  20|0x0000000781400000, 0x0000000781400000, 0x0000000781500000|  0%| F|  |TAMS 0x0000000781400000, 0x0000000781400000| Untracked 
|  21|0x0000000781500000, 0x0000000781500000, 0x0000000781600000|  0%| F|  |TAMS 0x0000000781500000, 0x0000000781500000| Untracked 
|  22|0x0000000781600000, 0x0000000781600000, 0x0000000781700000|  0%| F|  |TAMS 0x0000000781600000, 0x0000000781600000| Untracked 
|  23|0x0000000781700000, 0x0000000781700000, 0x0000000781800000|  0%| F|  |TAMS 0x0000000781700000, 0x0000000781700000| Untracked 
|  24|0x0000000781800000, 0x0000000781800000, 0x0000000781900000|  0%| F|  |TAMS 0x0000000781800000, 0x0000000781800000| Untracked 
|  25|0x0000000781900000, 0x0000000781900000, 0x0000000781a00000|  0%| F|  |TAMS 0x0000000781900000, 0x0000000781900000| Untracked 
|  26|0x0000000781a00000, 0x0000000781a00000, 0x0000000781b00000|  0%| F|  |TAMS 0x0000000781a00000, 0x0000000781a00000| Untracked 
|  27|0x0000000781b00000, 0x0000000781b00000, 0x0000000781c00000|  0%| F|  |TAMS 0x0000000781b00000, 0x0000000781b00000| Untracked 
|  28|0x0000000781c00000, 0x0000000781c00000, 0x0000000781d00000|  0%| F|  |TAMS 0x0000000781c00000, 0x0000000781c00000| Untracked 
|  29|0x0000000781d00000, 0x0000000781d00000, 0x0000000781e00000|  0%| F|  |TAMS 0x0000000781d00000, 0x0000000781d00000| Untracked 
|  30|0x0000000781e00000, 0x0000000781e00000, 0x0000000781f00000|  0%| F|  |TAMS 0x0000000781e00000, 0x0000000781e00000| Untracked 
|  31|0x0000000781f00000, 0x0000000781f00000, 0x0000000782000000|  0%| F|  |TAMS 0x0000000781f00000, 0x0000000781f00000| Untracked 
|  32|0x0000000782000000, 0x0000000782000000, 0x0000000782100000|  0%| F|  |TAMS 0x0000000782000000, 0x0000000782000000| Untracked 
|  33|0x0000000782100000, 0x0000000782100000, 0x0000000782200000|  0%| F|  |TAMS 0x0000000782100000, 0x0000000782100000| Untracked 
|  34|0x0000000782200000, 0x0000000782200000, 0x0000000782300000|  0%| F|  |TAMS 0x0000000782200000, 0x0000000782200000| Untracked 
|  35|0x0000000782300000, 0x0000000782300000, 0x0000000782400000|  0%| F|  |TAMS 0x0000000782300000, 0x0000000782300000| Untracked 
|  36|0x0000000782400000, 0x0000000782400000, 0x0000000782500000|  0%| F|  |TAMS 0x0000000782400000, 0x0000000782400000| Untracked 
|  37|0x0000000782500000, 0x0000000782500000, 0x0000000782600000|  0%| F|  |TAMS 0x0000000782500000, 0x0000000782500000| Untracked 
|  38|0x0000000782600000, 0x0000000782600000, 0x0000000782700000|  0%| F|  |TAMS 0x0000000782600000, 0x0000000782600000| Untracked 
|  39|0x0000000782700000, 0x0000000782700000, 0x0000000782800000|  0%| F|  |TAMS 0x0000000782700000, 0x0000000782700000| Untracked 
|  40|0x0000000782800000, 0x0000000782800000, 0x0000000782900000|  0%| F|  |TAMS 0x0000000782800000, 0x0000000782800000| Untracked 
|  41|0x0000000782900000, 0x0000000782900000, 0x0000000782a00000|  0%| F|  |TAMS 0x0000000782900000, 0x0000000782900000| Untracked 
|  42|0x0000000782a00000, 0x0000000782a00000, 0x0000000782b00000|  0%| F|  |TAMS 0x0000000782a00000, 0x0000000782a00000| Untracked 
|  43|0x0000000782b00000, 0x0000000782b00000, 0x0000000782c00000|  0%| F|  |TAMS 0x0000000782b00000, 0x0000000782b00000| Untracked 
|  44|0x0000000782c00000, 0x0000000782c00000, 0x0000000782d00000|  0%| F|  |TAMS 0x0000000782c00000, 0x0000000782c00000| Untracked 
|  45|0x0000000782d00000, 0x0000000782d00000, 0x0000000782e00000|  0%| F|  |TAMS 0x0000000782d00000, 0x0000000782d00000| Untracked 
|  46|0x0000000782e00000, 0x0000000782e00000, 0x0000000782f00000|  0%| F|  |TAMS 0x0000000782e00000, 0x0000000782e00000| Untracked 
|  47|0x0000000782f00000, 0x0000000782f00000, 0x0000000783000000|  0%| F|  |TAMS 0x0000000782f00000, 0x0000000782f00000| Untracked 
|  48|0x0000000783000000, 0x0000000783000000, 0x0000000783100000|  0%| F|  |TAMS 0x0000000783000000, 0x0000000783000000| Untracked 
|  49|0x0000000783100000, 0x0000000783100000, 0x0000000783200000|  0%| F|  |TAMS 0x0000000783100000, 0x0000000783100000| Untracked 
|  50|0x0000000783200000, 0x0000000783200000, 0x0000000783300000|  0%| F|  |TAMS 0x0000000783200000, 0x0000000783200000| Untracked 
|  51|0x0000000783300000, 0x0000000783300000, 0x0000000783400000|  0%| F|  |TAMS 0x0000000783300000, 0x0000000783300000| Untracked 
|  52|0x0000000783400000, 0x0000000783400000, 0x0000000783500000|  0%| F|  |TAMS 0x0000000783400000, 0x0000000783400000| Untracked 
|  53|0x0000000783500000, 0x0000000783500000, 0x0000000783600000|  0%| F|  |TAMS 0x0000000783500000, 0x0000000783500000| Untracked 
|  54|0x0000000783600000, 0x0000000783600000, 0x0000000783700000|  0%| F|  |TAMS 0x0000000783600000, 0x0000000783600000| Untracked 
|  55|0x0000000783700000, 0x0000000783700000, 0x0000000783800000|  0%| F|  |TAMS 0x0000000783700000, 0x0000000783700000| Untracked 
|  56|0x0000000783800000, 0x0000000783800000, 0x0000000783900000|  0%| F|  |TAMS 0x0000000783800000, 0x0000000783800000| Untracked 
|  57|0x0000000783900000, 0x0000000783900000, 0x0000000783a00000|  0%| F|  |TAMS 0x0000000783900000, 0x0000000783900000| Untracked 
|  58|0x0000000783a00000, 0x0000000783a00000, 0x0000000783b00000|  0%| F|  |TAMS 0x0000000783a00000, 0x0000000783a00000| Untracked 
|  59|0x0000000783b00000, 0x0000000783b00000, 0x0000000783c00000|  0%| F|  |TAMS 0x0000000783b00000, 0x0000000783b00000| Untracked 
|  60|0x0000000783c00000, 0x0000000783c00000, 0x0000000783d00000|  0%| F|  |TAMS 0x0000000783c00000, 0x0000000783c00000| Untracked 
|  61|0x0000000783d00000, 0x0000000783d00000, 0x0000000783e00000|  0%| F|  |TAMS 0x0000000783d00000, 0x0000000783d00000| Untracked 
|  62|0x0000000783e00000, 0x0000000783e00000, 0x0000000783f00000|  0%| F|  |TAMS 0x0000000783e00000, 0x0000000783e00000| Untracked 
|  63|0x0000000783f00000, 0x0000000783f00000, 0x0000000784000000|  0%| F|  |TAMS 0x0000000783f00000, 0x0000000783f00000| Untracked 
|  64|0x0000000784000000, 0x0000000784000000, 0x0000000784100000|  0%| F|  |TAMS 0x0000000784000000, 0x0000000784000000| Untracked 
|  65|0x0000000784100000, 0x0000000784100000, 0x0000000784200000|  0%| F|  |TAMS 0x0000000784100000, 0x0000000784100000| Untracked 
|  66|0x0000000784200000, 0x0000000784200000, 0x0000000784300000|  0%| F|  |TAMS 0x0000000784200000, 0x0000000784200000| Untracked 
|  67|0x0000000784300000, 0x0000000784300000, 0x0000000784400000|  0%| F|  |TAMS 0x0000000784300000, 0x0000000784300000| Untracked 
|  68|0x0000000784400000, 0x0000000784400000, 0x0000000784500000|  0%| F|  |TAMS 0x0000000784400000, 0x0000000784400000| Untracked 
|  69|0x0000000784500000, 0x0000000784500000, 0x0000000784600000|  0%| F|  |TAMS 0x0000000784500000, 0x0000000784500000| Untracked 
|  70|0x0000000784600000, 0x0000000784600000, 0x0000000784700000|  0%| F|  |TAMS 0x0000000784600000, 0x0000000784600000| Untracked 
|  71|0x0000000784700000, 0x0000000784700000, 0x0000000784800000|  0%| F|  |TAMS 0x0000000784700000, 0x0000000784700000| Untracked 
|  72|0x0000000784800000, 0x0000000784800000, 0x0000000784900000|  0%| F|  |TAMS 0x0000000784800000, 0x0000000784800000| Untracked 
|  73|0x0000000784900000, 0x0000000784900000, 0x0000000784a00000|  0%| F|  |TAMS 0x0000000784900000, 0x0000000784900000| Untracked 
|  74|0x0000000784a00000, 0x0000000784a00000, 0x0000000784b00000|  0%| F|  |TAMS 0x0000000784a00000, 0x0000000784a00000| Untracked 
|  75|0x0000000784b00000, 0x0000000784b00000, 0x0000000784c00000|  0%| F|  |TAMS 0x0000000784b00000, 0x0000000784b00000| Untracked 
|  76|0x0000000784c00000, 0x0000000784c00000, 0x0000000784d00000|  0%| F|  |TAMS 0x0000000784c00000, 0x0000000784c00000| Untracked 
|  77|0x0000000784d00000, 0x0000000784d00000, 0x0000000784e00000|  0%| F|  |TAMS 0x0000000784d00000, 0x0000000784d00000| Untracked 
|  78|0x0000000784e00000, 0x0000000784e00000, 0x0000000784f00000|  0%| F|  |TAMS 0x0000000784e00000, 0x0000000784e00000| Untracked 
|  79|0x0000000784f00000, 0x0000000784f00000, 0x0000000785000000|  0%| F|  |TAMS 0x0000000784f00000, 0x0000000784f00000| Untracked 
|  80|0x0000000785000000, 0x0000000785000000, 0x0000000785100000|  0%| F|  |TAMS 0x0000000785000000, 0x0000000785000000| Untracked 
|  81|0x0000000785100000, 0x0000000785100000, 0x0000000785200000|  0%| F|  |TAMS 0x0000000785100000, 0x0000000785100000| Untracked 
|  82|0x0000000785200000, 0x0000000785200000, 0x0000000785300000|  0%| F|  |TAMS 0x0000000785200000, 0x0000000785200000| Untracked 
|  83|0x0000000785300000, 0x0000000785300000, 0x0000000785400000|  0%| F|  |TAMS 0x0000000785300000, 0x0000000785300000| Untracked 
|  84|0x0000000785400000, 0x0000000785400000, 0x0000000785500000|  0%| F|  |TAMS 0x0000000785400000, 0x0000000785400000| Untracked 
|  85|0x0000000785500000, 0x0000000785500000, 0x0000000785600000|  0%| F|  |TAMS 0x0000000785500000, 0x0000000785500000| Untracked 
|  86|0x0000000785600000, 0x0000000785600000, 0x0000000785700000|  0%| F|  |TAMS 0x0000000785600000, 0x0000000785600000| Untracked 
|  87|0x0000000785700000, 0x0000000785700000, 0x0000000785800000|  0%| F|  |TAMS 0x0000000785700000, 0x0000000785700000| Untracked 
|  88|0x0000000785800000, 0x0000000785800000, 0x0000000785900000|  0%| F|  |TAMS 0x0000000785800000, 0x0000000785800000| Untracked 
|  89|0x0000000785900000, 0x0000000785900000, 0x0000000785a00000|  0%| F|  |TAMS 0x0000000785900000, 0x0000000785900000| Untracked 
|  90|0x0000000785a00000, 0x0000000785a00000, 0x0000000785b00000|  0%| F|  |TAMS 0x0000000785a00000, 0x0000000785a00000| Untracked 
|  91|0x0000000785b00000, 0x0000000785b00000, 0x0000000785c00000|  0%| F|  |TAMS 0x0000000785b00000, 0x0000000785b00000| Untracked 
|  92|0x0000000785c00000, 0x0000000785c00000, 0x0000000785d00000|  0%| F|  |TAMS 0x0000000785c00000, 0x0000000785c00000| Untracked 
|  93|0x0000000785d00000, 0x0000000785d00000, 0x0000000785e00000|  0%| F|  |TAMS 0x0000000785d00000, 0x0000000785d00000| Untracked 
|  94|0x0000000785e00000, 0x0000000785e00000, 0x0000000785f00000|  0%| F|  |TAMS 0x0000000785e00000, 0x0000000785e00000| Untracked 
|  95|0x0000000785f00000, 0x0000000785f00000, 0x0000000786000000|  0%| F|  |TAMS 0x0000000785f00000, 0x0000000785f00000| Untracked 
|  96|0x0000000786000000, 0x0000000786000000, 0x0000000786100000|  0%| F|  |TAMS 0x0000000786000000, 0x0000000786000000| Untracked 
|  97|0x0000000786100000, 0x0000000786100000, 0x0000000786200000|  0%| F|  |TAMS 0x0000000786100000, 0x0000000786100000| Untracked 
|  98|0x0000000786200000, 0x0000000786200000, 0x0000000786300000|  0%| F|  |TAMS 0x0000000786200000, 0x0000000786200000| Untracked 
|  99|0x0000000786300000, 0x0000000786300000, 0x0000000786400000|  0%| F|  |TAMS 0x0000000786300000, 0x0000000786300000| Untracked 
| 100|0x0000000786400000, 0x0000000786400000, 0x0000000786500000|  0%| F|  |TAMS 0x0000000786400000, 0x0000000786400000| Untracked 
| 101|0x0000000786500000, 0x0000000786500000, 0x0000000786600000|  0%| F|  |TAMS 0x0000000786500000, 0x0000000786500000| Untracked 
| 102|0x0000000786600000, 0x0000000786600000, 0x0000000786700000|  0%| F|  |TAMS 0x0000000786600000, 0x0000000786600000| Untracked 
| 103|0x0000000786700000, 0x0000000786700000, 0x0000000786800000|  0%| F|  |TAMS 0x0000000786700000, 0x0000000786700000| Untracked 
| 104|0x0000000786800000, 0x0000000786800000, 0x0000000786900000|  0%| F|  |TAMS 0x0000000786800000, 0x0000000786800000| Untracked 
| 105|0x0000000786900000, 0x0000000786900000, 0x0000000786a00000|  0%| F|  |TAMS 0x0000000786900000, 0x0000000786900000| Untracked 
| 106|0x0000000786a00000, 0x0000000786a00000, 0x0000000786b00000|  0%| F|  |TAMS 0x0000000786a00000, 0x0000000786a00000| Untracked 
| 107|0x0000000786b00000, 0x0000000786b00000, 0x0000000786c00000|  0%| F|  |TAMS 0x0000000786b00000, 0x0000000786b00000| Untracked 
| 108|0x0000000786c00000, 0x0000000786c00000, 0x0000000786d00000|  0%| F|  |TAMS 0x0000000786c00000, 0x0000000786c00000| Untracked 
| 109|0x0000000786d00000, 0x0000000786d00000, 0x0000000786e00000|  0%| F|  |TAMS 0x0000000786d00000, 0x0000000786d00000| Untracked 
| 110|0x0000000786e00000, 0x0000000786e00000, 0x0000000786f00000|  0%| F|  |TAMS 0x0000000786e00000, 0x0000000786e00000| Untracked 
| 111|0x0000000786f00000, 0x0000000786f00000, 0x0000000787000000|  0%| F|  |TAMS 0x0000000786f00000, 0x0000000786f00000| Untracked 
| 112|0x0000000787000000, 0x0000000787000000, 0x0000000787100000|  0%| F|  |TAMS 0x0000000787000000, 0x0000000787000000| Untracked 
| 113|0x0000000787100000, 0x0000000787100000, 0x0000000787200000|  0%| F|  |TAMS 0x0000000787100000, 0x0000000787100000| Untracked 
| 114|0x0000000787200000, 0x0000000787200000, 0x0000000787300000|  0%| F|  |TAMS 0x0000000787200000, 0x0000000787200000| Untracked 
| 115|0x0000000787300000, 0x0000000787300000, 0x0000000787400000|  0%| F|  |TAMS 0x0000000787300000, 0x0000000787300000| Untracked 
| 116|0x0000000787400000, 0x0000000787400000, 0x0000000787500000|  0%| F|  |TAMS 0x0000000787400000, 0x0000000787400000| Untracked 
| 117|0x0000000787500000, 0x0000000787500000, 0x0000000787600000|  0%| F|  |TAMS 0x0000000787500000, 0x0000000787500000| Untracked 
| 118|0x0000000787600000, 0x0000000787600000, 0x0000000787700000|  0%| F|  |TAMS 0x0000000787600000, 0x0000000787600000| Untracked 
| 119|0x0000000787700000, 0x0000000787700000, 0x0000000787800000|  0%| F|  |TAMS 0x0000000787700000, 0x0000000787700000| Untracked 
| 120|0x0000000787800000, 0x0000000787800000, 0x0000000787900000|  0%| F|  |TAMS 0x0000000787800000, 0x0000000787800000| Untracked 
| 121|0x0000000787900000, 0x0000000787900000, 0x0000000787a00000|  0%| F|  |TAMS 0x0000000787900000, 0x0000000787900000| Untracked 
| 122|0x0000000787a00000, 0x0000000787a00000, 0x0000000787b00000|  0%| F|  |TAMS 0x0000000787a00000, 0x0000000787a00000| Untracked 
| 123|0x0000000787b00000, 0x0000000787b00000, 0x0000000787c00000|  0%| F|  |TAMS 0x0000000787b00000, 0x0000000787b00000| Untracked 
| 124|0x0000000787c00000, 0x0000000787c00000, 0x0000000787d00000|  0%| F|  |TAMS 0x0000000787c00000, 0x0000000787c00000| Untracked 
| 125|0x0000000787d00000, 0x0000000787d8fef8, 0x0000000787e00000| 56%| E|  |TAMS 0x0000000787d00000, 0x0000000787d00000| Complete 
| 126|0x0000000787e00000, 0x0000000787f00000, 0x0000000787f00000|100%| E|CS|TAMS 0x0000000787e00000, 0x0000000787e00000| Complete 
| 127|0x0000000787f00000, 0x0000000788000000, 0x0000000788000000|100%| E|CS|TAMS 0x0000000787f00000, 0x0000000787f00000| Complete 
|1022|0x00000007bfe00000, 0x00000007bfe48000, 0x00000007bff00000| 28%|OA|  |TAMS 0x00000007bfe00000, 0x00000007bfe00000| Untracked 
|1023|0x00000007bff00000, 0x00000007bff77000, 0x00000007c0000000| 46%|CA|  |TAMS 0x00000007bff00000, 0x00000007bff00000| Untracked 

Card table byte_map: [0x000000011a544000,0x000000011a944000] _byte_map_base: 0x0000000116944000

Marking Bits (Prev, Next): (CMBitMap*) 0x00007fce8900be18, (CMBitMap*) 0x00007fce8900be58
 Prev Bits: [0x000000011ad44000, 0x000000011cd44000)
 Next Bits: [0x000000011cd44000, 0x000000011ed44000)

Polling page: 0x0000000100b5b000

Metaspace:

Usage:
  Non-class:      4.33 MB capacity,   580.24 KB ( 13%) used,     3.76 MB ( 87%) free+waste,   704 bytes ( <1%) overhead. 
      Class:    426.00 KB capacity,    42.62 KB ( 10%) used,   382.95 KB ( 90%) free+waste,   448 bytes ( <1%) overhead. 
       Both:      4.75 MB capacity,   622.86 KB ( 13%) used,     4.14 MB ( 87%) free+waste,     1.12 KB ( <1%) overhead. 

Virtual space:
  Non-class space:        8.00 MB reserved,       4.50 MB ( 56%) committed 
      Class space:        1.00 GB reserved,     512.00 KB ( <1%) committed 
             Both:        1.01 GB reserved,       5.00 MB ( <1%) committed 

Chunk freelists:
   Non-Class:  28.00 KB
       Class:  2.00 KB
        Both:  30.00 KB

MaxMetaspaceSize: unlimited
CompressedClassSpaceSize: 1.00 GB

CodeHeap 'non-profiled nmethods': size=120032Kb used=35Kb max_used=35Kb free=119997Kb
 bounds [0x000000011290c000, 0x0000000112b7c000, 0x0000000119e44000]
CodeHeap 'profiled nmethods': size=120028Kb used=248Kb max_used=248Kb free=119780Kb
 bounds [0x000000010b3d5000, 0x000000010b645000, 0x000000011290c000]
CodeHeap 'non-nmethods': size=5700Kb used=1063Kb max_used=1078Kb free=4636Kb
 bounds [0x000000010ae44000, 0x000000010b0b4000, 0x000000010b3d5000]
 total_blobs=510 nmethods=159 adapters=195
 compilation: enabled
              stopped_count=0, restarted_count=0
 full_count=0

Compilation events (20 events):
Event: 0.294 Thread 0x00007fce8804c800  150       3       java.util.jar.JarFile$1::<init> (10 bytes)
Event: 0.294 Thread 0x00007fce8804c800 nmethod 150 0x000000010b40d890 code [0x000000010b40da40, 0x000000010b40dc70]
Event: 0.294 Thread 0x00007fce8804c800  151       3       java.util.zip.ZipFile$1::getEntry (10 bytes)
Event: 0.294 Thread 0x00007fce8804c800 nmethod 151 0x000000010b40dd10 code [0x000000010b40dec0, 0x000000010b40e188]
Event: 0.294 Thread 0x00007fce8804c800  153       3       java.lang.AbstractStringBuilder::<init> (39 bytes)
Event: 0.294 Thread 0x00007fce8804c800 nmethod 153 0x000000010b40e290 code [0x000000010b40e440, 0x000000010b40e750]
Event: 0.295 Thread 0x00007fce8804c800  152       3       java.lang.StringBuilder::<init> (7 bytes)
Event: 0.295 Thread 0x00007fce8804c800 nmethod 152 0x000000010b40e810 code [0x000000010b40e9c0, 0x000000010b40eb68]
Event: 0.295 Thread 0x00007fce8804c800  154       3       java.lang.StringBuilder::toString (35 bytes)
Event: 0.295 Thread 0x00007fce8804c800 nmethod 154 0x000000010b40ec10 code [0x000000010b40ee00, 0x000000010b40f318]
Event: 0.296 Thread 0x00007fce8804c800  155       3       sun.net.www.ParseUtil::firstEncodeIndex (86 bytes)
Event: 0.297 Thread 0x00007fce8804c800 nmethod 155 0x000000010b40f490 code [0x000000010b40f6e0, 0x000000010b4100e8]
Event: 0.297 Thread 0x00007fce8804c800  156       1       java.util.jar.Attributes$Name::hashCode (5 bytes)
Event: 0.297 Thread 0x00007fce8804c800 nmethod 156 0x0000000112914910 code [0x0000000112914aa0, 0x0000000112914bd0]
Event: 0.298 Thread 0x00007fce8804c800  157       3       java.lang.String::checkBoundsBeginEnd (63 bytes)
Event: 0.299 Thread 0x00007fce8804c800 nmethod 157 0x000000010b410490 code [0x000000010b410740, 0x000000010b4112d8]
Event: 0.299 Thread 0x00007fce8804c800  159       3       java.util.concurrent.ConcurrentHashMap::get (162 bytes)
Event: 0.300 Thread 0x00007fce8804c800 nmethod 159 0x000000010b411710 code [0x000000010b411960, 0x000000010b412738]
Event: 0.300 Thread 0x00007fce8804c800  158       3       java.lang.Character::toLowerCase (6 bytes)
Event: 0.301 Thread 0x00007fce8804c800 nmethod 158 0x000000010b412a90 code [0x000000010b412c40, 0x000000010b412ef8]

GC Heap History (0 events):
No events

Deoptimization events (2 events):
Event: 0.289 Thread 0x00007fce87803000 DEOPT PACKING pc=0x000000010b401a10 sp=0x00007000086828e0
Event: 0.289 Thread 0x00007fce87803000 DEOPT UNPACKING pc=0x000000010ae8d33a sp=0x0000700008681d58 mode 0

Classes unloaded (0 events):
No events

Classes redefined (0 events):
No events

Internal exceptions (0 events):
No events

Events (20 events):
Event: 0.283 loading class org/apache/catalina/Context
Event: 0.283 loading class org/apache/catalina/Context done
Event: 0.283 loading class org/apache/tomcat/ContextBind
Event: 0.283 loading class org/apache/tomcat/ContextBind done
Event: 0.285 loading class org/apache/tomcat/util/descriptor/web/SecurityConstraint
Event: 0.285 loading class org/apache/tomcat/util/descriptor/web/SecurityConstraint done
Event: 0.288 loading class org/apache/tomcat/util/descriptor/web/XmlEncodingBase
Event: 0.288 loading class org/apache/tomcat/util/descriptor/web/XmlEncodingBase done
Event: 0.289 loading class org/apache/catalina/connector/Response
Event: 0.289 loading class org/apache/catalina/connector/Response done
Event: 0.293 loading class javax/servlet/http/HttpServletResponse
Event: 0.293 loading class javax/servlet/http/HttpServletResponse done
Event: 0.294 loading class javax/servlet/ServletResponse
Event: 0.294 loading class javax/servlet/ServletResponse done
Event: 0.295 loading class org/apache/catalina/Wrapper
Event: 0.295 loading class org/apache/catalina/Wrapper done
Event: 0.298 loading class org/apache/catalina/startup/Tomcat
Event: 0.298 loading class org/apache/catalina/startup/Tomcat done
Event: 0.301 loading class java/lang/Class$EnclosingMethodInfo
Event: 0.301 loading class java/lang/Class$EnclosingMethodInfo done


Dynamic libraries:
0x00007fff799e3000 	/usr/lib/libz.1.dylib
0x0000000100aeb000 	/usr/local/Cellar/openjdk/13.0.2+8_2/libexec/openjdk.jdk/Contents/Home/lib/libjli.dylib
0x00007fff4db44000 	/System/Library/Frameworks/Cocoa.framework/Versions/A/Cocoa
0x00007fff598f2000 	/System/Library/Frameworks/Security.framework/Versions/A/Security
0x00007fff4c7d6000 	/System/Library/Frameworks/ApplicationServices.framework/Versions/A/ApplicationServices
0x00007fff7733a000 	/usr/lib/libSystem.B.dylib
0x00007fff7a1d9000 	/usr/lib/system/libcache.dylib
0x00007fff7a1de000 	/usr/lib/system/libcommonCrypto.dylib
0x00007fff7a1e9000 	/usr/lib/system/libcompiler_rt.dylib
0x00007fff7a1f1000 	/usr/lib/system/libcopyfile.dylib
0x00007fff7a1fb000 	/usr/lib/system/libcorecrypto.dylib
0x00007fff7a306000 	/usr/lib/system/libdispatch.dylib
0x00007fff7a340000 	/usr/lib/system/libdyld.dylib
0x00007fff7a36d000 	/usr/lib/system/libkeymgr.dylib
0x00007fff7a37b000 	/usr/lib/system/liblaunch.dylib
0x00007fff7a37c000 	/usr/lib/system/libmacho.dylib
0x00007fff7a382000 	/usr/lib/system/libquarantine.dylib
0x00007fff7a385000 	/usr/lib/system/libremovefile.dylib
0x00007fff7a387000 	/usr/lib/system/libsystem_asl.dylib
0x00007fff7a39f000 	/usr/lib/system/libsystem_blocks.dylib
0x00007fff7a3a0000 	/usr/lib/system/libsystem_c.dylib
0x00007fff7a428000 	/usr/lib/system/libsystem_configuration.dylib
0x00007fff7a42c000 	/usr/lib/system/libsystem_coreservices.dylib
0x00007fff7a430000 	/usr/lib/system/libsystem_darwin.dylib
0x00007fff7a437000 	/usr/lib/system/libsystem_dnssd.dylib
0x00007fff7a43e000 	/usr/lib/system/libsystem_info.dylib
0x00007fff7a4b3000 	/usr/lib/system/libsystem_m.dylib
0x00007fff7a4ff000 	/usr/lib/system/libsystem_malloc.dylib
0x00007fff7a52a000 	/usr/lib/system/libsystem_networkextension.dylib
0x00007fff7a535000 	/usr/lib/system/libsystem_notify.dylib
0x00007fff7a552000 	/usr/lib/system/libsystem_sandbox.dylib
0x00007fff7a556000 	/usr/lib/system/libsystem_secinit.dylib
0x00007fff7a48a000 	/usr/lib/system/libsystem_kernel.dylib
0x00007fff7a53d000 	/usr/lib/system/libsystem_platform.dylib
0x00007fff7a547000 	/usr/lib/system/libsystem_pthread.dylib
0x00007fff7a559000 	/usr/lib/system/libsystem_symptoms.dylib
0x00007fff7a561000 	/usr/lib/system/libsystem_trace.dylib
0x00007fff7a578000 	/usr/lib/system/libunwind.dylib
0x00007fff7a57e000 	/usr/lib/system/libxpc.dylib
0x00007fff78b73000 	/usr/lib/libobjc.A.dylib
0x00007fff775d3000 	/usr/lib/libc++abi.dylib
0x00007fff7757f000 	/usr/lib/libc++.1.dylib
0x00007fff4e3b9000 	/System/Library/Frameworks/CoreFoundation.framework/Versions/A/CoreFoundation
0x00007fff5063d000 	/System/Library/Frameworks/Foundation.framework/Versions/C/Foundation
0x00007fff4b9cf000 	/System/Library/Frameworks/AppKit.framework/Versions/C/AppKit
0x00007fff4df42000 	/System/Library/Frameworks/CoreData.framework/Versions/A/CoreData
0x00007fff70dff000 	/System/Library/PrivateFrameworks/RemoteViewServices.framework/Versions/A/RemoteViewServices
0x00007fff75076000 	/System/Library/PrivateFrameworks/UIFoundation.framework/Versions/A/UIFoundation
0x00007fff7675b000 	/System/Library/PrivateFrameworks/XCTTargetBootstrap.framework/Versions/A/XCTTargetBootstrap
0x00007fff4e2c8000 	/System/Library/Frameworks/CoreDisplay.framework/Versions/A/CoreDisplay
0x00007fff6bb39000 	/System/Library/PrivateFrameworks/IconServices.framework/Versions/A/IconServices
0x00007fff52f5f000 	/System/Library/Frameworks/Metal.framework/Versions/A/Metal
0x00007fff6307d000 	/System/Library/PrivateFrameworks/DesktopServicesPriv.framework/Versions/A/DesktopServicesPriv
0x00007fff77ed6000 	/usr/lib/libenergytrace.dylib
0x00007fff7355d000 	/System/Library/PrivateFrameworks/SkyLight.framework/Versions/A/SkyLight
0x00007fff4e800000 	/System/Library/Frameworks/CoreGraphics.framework/Versions/A/CoreGraphics
0x00007fff4a79b000 	/System/Library/Frameworks/Accelerate.framework/Versions/A/Accelerate
0x00007fff50d86000 	/System/Library/Frameworks/IOSurface.framework/Versions/A/IOSurface
0x00007fff62ee9000 	/System/Library/PrivateFrameworks/DFRFoundation.framework/Versions/A/DFRFoundation
0x00007fff4ccb9000 	/System/Library/Frameworks/AudioToolbox.framework/Versions/A/AudioToolbox
0x00007fff4cf32000 	/System/Library/Frameworks/AudioUnit.framework/Versions/A/AudioUnit
0x00007fff62f7e000 	/System/Library/PrivateFrameworks/DataDetectorsCore.framework/Versions/A/DataDetectorsCore
0x00007fff4d647000 	/System/Library/Frameworks/Carbon.framework/Versions/A/Frameworks/HIToolbox.framework/Versions/A/HIToolbox
0x00007fff7802f000 	/usr/lib/libicucore.A.dylib
0x00007fff58e65000 	/System/Library/Frameworks/QuartzCore.framework/Versions/A/QuartzCore
0x00007fff4da1c000 	/System/Library/Frameworks/Carbon.framework/Versions/A/Frameworks/SpeechRecognition.framework/Versions/A/SpeechRecognition
0x00007fff7748e000 	/usr/lib/libauto.dylib
0x00007fff798d6000 	/usr/lib/libxml2.2.dylib
0x00007fff62ac4000 	/System/Library/PrivateFrameworks/CoreUI.framework/Versions/A/CoreUI
0x00007fff4de2d000 	/System/Library/Frameworks/CoreAudio.framework/Versions/A/CoreAudio
0x00007fff50472000 	/System/Library/Frameworks/DiskArbitration.framework/Versions/A/DiskArbitration
0x00007fff782dd000 	/usr/lib/liblangid.dylib
0x00007fff6cf44000 	/System/Library/PrivateFrameworks/MultitouchSupport.framework/Versions/A/MultitouchSupport
0x00007fff50cf5000 	/System/Library/Frameworks/IOKit.framework/Versions/A/IOKit
0x00007fff76efa000 	/usr/lib/libDiagnosticMessagesClient.dylib
0x00007fff4f610000 	/System/Library/Frameworks/CoreServices.framework/Versions/A/CoreServices
0x00007fff6ebfe000 	/System/Library/PrivateFrameworks/PerformanceAnalysis.framework/Versions/A/PerformanceAnalysis
0x00007fff5804c000 	/System/Library/Frameworks/OpenGL.framework/Versions/A/OpenGL
0x00007fff4db52000 	/System/Library/Frameworks/ColorSync.framework/Versions/A/ColorSync
0x00007fff4ee92000 	/System/Library/Frameworks/CoreImage.framework/Versions/A/CoreImage
0x00007fff4ffe8000 	/System/Library/Frameworks/CoreText.framework/Versions/A/CoreText
0x00007fff50de9000 	/System/Library/Frameworks/ImageIO.framework/Versions/A/ImageIO
0x00007fff5f116000 	/System/Library/PrivateFrameworks/Backup.framework/Versions/A/Backup
0x00007fff773e1000 	/usr/lib/libarchive.2.dylib
0x00007fff4d28b000 	/System/Library/Frameworks/CFNetwork.framework/Versions/A/CFNetwork
0x00007fff5a04e000 	/System/Library/Frameworks/SystemConfiguration.framework/Versions/A/SystemConfiguration
0x00007fff76e2b000 	/usr/lib/libCRFSuite.dylib
0x00007fff77560000 	/usr/lib/libbsm.0.dylib
0x00007fff7a36e000 	/usr/lib/system/libkxld.dylib
0x00007fff5e507000 	/System/Library/PrivateFrameworks/AppleFSCompression.framework/Versions/A/AppleFSCompression
0x00007fff771fa000 	/usr/lib/libOpenScriptingUtil.dylib
0x00007fff77888000 	/usr/lib/libcoretls.dylib
0x00007fff7789f000 	/usr/lib/libcoretls_cfhelpers.dylib
0x00007fff7930a000 	/usr/lib/libpam.2.dylib
0x00007fff794ca000 	/usr/lib/libsqlite3.dylib
0x00007fff798c4000 	/usr/lib/libxar.1.dylib
0x00007fff77571000 	/usr/lib/libbz2.1.0.dylib
0x00007fff782df000 	/usr/lib/liblzma.5.dylib
0x00007fff78790000 	/usr/lib/libnetwork.dylib
0x00007fff773ca000 	/usr/lib/libapple_nghttp2.dylib
0x00007fff79311000 	/usr/lib/libpcap.A.dylib
0x00007fff4f9af000 	/System/Library/Frameworks/CoreServices.framework/Versions/A/Frameworks/FSEvents.framework/Versions/A/FSEvents
0x00007fff4f68e000 	/System/Library/Frameworks/CoreServices.framework/Versions/A/Frameworks/CarbonCore.framework/Versions/A/CarbonCore
0x00007fff4fb6a000 	/System/Library/Frameworks/CoreServices.framework/Versions/A/Frameworks/Metadata.framework/Versions/A/Metadata
0x00007fff4fc09000 	/System/Library/Frameworks/CoreServices.framework/Versions/A/Frameworks/OSServices.framework/Versions/A/OSServices
0x00007fff4fc54000 	/System/Library/Frameworks/CoreServices.framework/Versions/A/Frameworks/SearchKit.framework/Versions/A/SearchKit
0x00007fff4f611000 	/System/Library/Frameworks/CoreServices.framework/Versions/A/Frameworks/AE.framework/Versions/A/AE
0x00007fff4f9b8000 	/System/Library/Frameworks/CoreServices.framework/Versions/A/Frameworks/LaunchServices.framework/Versions/A/LaunchServices
0x00007fff4f966000 	/System/Library/Frameworks/CoreServices.framework/Versions/A/Frameworks/DictionaryServices.framework/Versions/A/DictionaryServices
0x00007fff4fcbc000 	/System/Library/Frameworks/CoreServices.framework/Versions/A/Frameworks/SharedFileList.framework/Versions/A/SharedFileList
0x00007fff54027000 	/System/Library/Frameworks/NetFS.framework/Versions/A/NetFS
0x00007fff6d1aa000 	/System/Library/PrivateFrameworks/NetAuth.framework/Versions/A/NetAuth
0x00007fff76b5f000 	/System/Library/PrivateFrameworks/login.framework/Versions/A/Frameworks/loginsupport.framework/Versions/A/loginsupport
0x00007fff74c7f000 	/System/Library/PrivateFrameworks/TCC.framework/Versions/A/TCC
0x00007fff62121000 	/System/Library/PrivateFrameworks/CoreNLP.framework/Versions/A/CoreNLP
0x00007fff6cc3f000 	/System/Library/PrivateFrameworks/MetadataUtilities.framework/Versions/A/MetadataUtilities
0x00007fff783b4000 	/usr/lib/libmecabra.dylib
0x00007fff4c7d7000 	/System/Library/Frameworks/ApplicationServices.framework/Versions/A/Frameworks/ATS.framework/Versions/A/ATS
0x00007fff4cb26000 	/System/Library/Frameworks/ApplicationServices.framework/Versions/A/Frameworks/ColorSyncLegacy.framework/Versions/A/ColorSyncLegacy
0x00007fff4cbc5000 	/System/Library/Frameworks/ApplicationServices.framework/Versions/A/Frameworks/HIServices.framework/Versions/A/HIServices
0x00007fff4cc18000 	/System/Library/Frameworks/ApplicationServices.framework/Versions/A/Frameworks/LangAnalysis.framework/Versions/A/LangAnalysis
0x00007fff4cc28000 	/System/Library/Frameworks/ApplicationServices.framework/Versions/A/Frameworks/PrintCore.framework/Versions/A/PrintCore
0x00007fff4cc72000 	/System/Library/Frameworks/ApplicationServices.framework/Versions/A/Frameworks/QD.framework/Versions/A/QD
0x00007fff4ccac000 	/System/Library/Frameworks/ApplicationServices.framework/Versions/A/Frameworks/SpeechSynthesis.framework/Versions/A/SpeechSynthesis
0x00007fff775fb000 	/usr/lib/libcompression.dylib
0x00007fff5322f000 	/System/Library/Frameworks/MetalPerformanceShaders.framework/Versions/A/MetalPerformanceShaders
0x00007fff4a7b3000 	/System/Library/Frameworks/Accelerate.framework/Versions/A/Frameworks/vImage.framework/Versions/A/vImage
0x00007fff4b82d000 	/System/Library/Frameworks/Accelerate.framework/Versions/A/Frameworks/vecLib.framework/Versions/A/vecLib
0x00007fff4b779000 	/System/Library/Frameworks/Accelerate.framework/Versions/A/Frameworks/vecLib.framework/Versions/A/libvMisc.dylib
0x00007fff4b591000 	/System/Library/Frameworks/Accelerate.framework/Versions/A/Frameworks/vecLib.framework/Versions/A/libvDSP.dylib
0x00007fff4ae4d000 	/System/Library/Frameworks/Accelerate.framework/Versions/A/Frameworks/vecLib.framework/Versions/A/libBLAS.dylib
0x00007fff4b13a000 	/System/Library/Frameworks/Accelerate.framework/Versions/A/Frameworks/vecLib.framework/Versions/A/libLAPACK.dylib
0x00007fff4b4e4000 	/System/Library/Frameworks/Accelerate.framework/Versions/A/Frameworks/vecLib.framework/Versions/A/libLinearAlgebra.dylib
0x00007fff4b57d000 	/System/Library/Frameworks/Accelerate.framework/Versions/A/Frameworks/vecLib.framework/Versions/A/libSparseBLAS.dylib
0x00007fff4b4fa000 	/System/Library/Frameworks/Accelerate.framework/Versions/A/Frameworks/vecLib.framework/Versions/A/libQuadrature.dylib
0x00007fff4b0c7000 	/System/Library/Frameworks/Accelerate.framework/Versions/A/Frameworks/vecLib.framework/Versions/A/libBNNS.dylib
0x00007fff4b500000 	/System/Library/Frameworks/Accelerate.framework/Versions/A/Frameworks/vecLib.framework/Versions/A/libSparse.dylib
0x00007fff6946f000 	/System/Library/PrivateFrameworks/GPUWrangler.framework/Versions/A/GPUWrangler
0x00007fff6b76e000 	/System/Library/PrivateFrameworks/IOAccelerator.framework/Versions/A/IOAccelerator
0x00007fff6b779000 	/System/Library/PrivateFrameworks/IOPresentment.framework/Versions/A/IOPresentment
0x00007fff62ef9000 	/System/Library/PrivateFrameworks/DSExternalDisplay.framework/Versions/A/DSExternalDisplay
0x00007fff574a3000 	/System/Library/Frameworks/OpenGL.framework/Versions/A/Libraries/libCoreFSCache.dylib
0x00007fff53023000 	/System/Library/Frameworks/MetalPerformanceShaders.framework/Frameworks/MPSCore.framework/Versions/A/MPSCore
0x00007fff53043000 	/System/Library/Frameworks/MetalPerformanceShaders.framework/Frameworks/MPSImage.framework/Versions/A/MPSImage
0x00007fff530e8000 	/System/Library/Frameworks/MetalPerformanceShaders.framework/Frameworks/MPSNeuralNetwork.framework/Versions/A/MPSNeuralNetwork
0x00007fff530c0000 	/System/Library/Frameworks/MetalPerformanceShaders.framework/Frameworks/MPSMatrix.framework/Versions/A/MPSMatrix
0x00007fff53214000 	/System/Library/Frameworks/MetalPerformanceShaders.framework/Frameworks/MPSRayIntersector.framework/Versions/A/MPSRayIntersector
0x00007fff6cc68000 	/System/Library/PrivateFrameworks/MetalTools.framework/Versions/A/MetalTools
0x00007fff5ddb1000 	/System/Library/PrivateFrameworks/AggregateDictionary.framework/Versions/A/AggregateDictionary
0x00007fff771da000 	/usr/lib/libMobileGestalt.dylib
0x00007fff5014b000 	/System/Library/Frameworks/CoreVideo.framework/Versions/A/CoreVideo
0x00007fff6a280000 	/System/Library/PrivateFrameworks/GraphVisualizer.framework/Versions/A/GraphVisualizer
0x00007fff640ff000 	/System/Library/PrivateFrameworks/FaceCore.framework/Versions/A/FaceCore
0x00007fff56ad1000 	/System/Library/Frameworks/OpenCL.framework/Versions/A/OpenCL
0x00007fff76f32000 	/usr/lib/libFosl_dynamic.dylib
0x00007fff6da15000 	/System/Library/PrivateFrameworks/OTSVG.framework/Versions/A/OTSVG
0x00007fff4c8db000 	/System/Library/Frameworks/ApplicationServices.framework/Versions/A/Frameworks/ATS.framework/Versions/A/Resources/libFontParser.dylib
0x00007fff4c9f3000 	/System/Library/Frameworks/ApplicationServices.framework/Versions/A/Frameworks/ATS.framework/Versions/A/Resources/libFontRegistry.dylib
0x00007fff51058000 	/System/Library/Frameworks/ImageIO.framework/Versions/A/Resources/libJPEG.dylib
0x00007fff5136a000 	/System/Library/Frameworks/ImageIO.framework/Versions/A/Resources/libTIFF.dylib
0x00007fff51340000 	/System/Library/Frameworks/ImageIO.framework/Versions/A/Resources/libPng.dylib
0x00007fff50f76000 	/System/Library/Frameworks/ImageIO.framework/Versions/A/Resources/libGIF.dylib
0x00007fff50f7b000 	/System/Library/Frameworks/ImageIO.framework/Versions/A/Resources/libJP2.dylib
0x00007fff51367000 	/System/Library/Frameworks/ImageIO.framework/Versions/A/Resources/libRadiance.dylib
0x00007fff5e65e000 	/System/Library/PrivateFrameworks/AppleJPEG.framework/Versions/A/AppleJPEG
0x00007fff574ae000 	/System/Library/Frameworks/OpenGL.framework/Versions/A/Libraries/libGFXShared.dylib
0x00007fff57671000 	/System/Library/Frameworks/OpenGL.framework/Versions/A/Libraries/libGLU.dylib
0x00007fff574b7000 	/System/Library/Frameworks/OpenGL.framework/Versions/A/Libraries/libGL.dylib
0x00007fff574c3000 	/System/Library/Frameworks/OpenGL.framework/Versions/A/Libraries/libGLImage.dylib
0x00007fff574a0000 	/System/Library/Frameworks/OpenGL.framework/Versions/A/Libraries/libCVMSPluginSupport.dylib
0x00007fff574a9000 	/System/Library/Frameworks/OpenGL.framework/Versions/A/Libraries/libCoreVMClient.dylib
0x00007fff77d4c000 	/usr/lib/libcups.2.dylib
0x00007fff5252a000 	/System/Library/Frameworks/Kerberos.framework/Versions/A/Kerberos
0x00007fff50a59000 	/System/Library/Frameworks/GSS.framework/Versions/A/GSS
0x00007fff7945f000 	/usr/lib/libresolv.9.dylib
0x00007fff77f3e000 	/usr/lib/libiconv.2.dylib
0x00007fff6a3f5000 	/System/Library/PrivateFrameworks/Heimdal.framework/Versions/A/Heimdal
0x00007fff77f0e000 	/usr/lib/libheimdal-asn1.dylib
0x00007fff56b45000 	/System/Library/Frameworks/OpenDirectory.framework/Versions/A/OpenDirectory
0x00007fff60e84000 	/System/Library/PrivateFrameworks/CommonAuth.framework/Versions/A/CommonAuth
0x00007fff56b29000 	/System/Library/Frameworks/OpenDirectory.framework/Versions/A/Frameworks/CFOpenDirectory.framework/Versions/A/CFOpenDirectory
0x00007fff59bf3000 	/System/Library/Frameworks/SecurityFoundation.framework/Versions/A/SecurityFoundation
0x00007fff5d2f7000 	/System/Library/PrivateFrameworks/APFS.framework/Versions/A/APFS
0x00007fff798c0000 	/usr/lib/libutil.dylib
0x00007fff775e9000 	/usr/lib/libcharset.1.dylib
0x00007fff5e8fb000 	/System/Library/PrivateFrameworks/AppleSauce.framework/Versions/A/AppleSauce
0x00007fff5ea7c000 	/System/Library/PrivateFrameworks/AssertionServices.framework/Versions/A/AssertionServices
0x00007fff5f1ac000 	/System/Library/PrivateFrameworks/BaseBoard.framework/Versions/A/BaseBoard
0x00007fff7830f000 	/usr/lib/libmecab.1.0.0.dylib
0x00007fff77f08000 	/usr/lib/libgermantok.dylib
0x00007fff773b7000 	/usr/lib/libThaiTokenizer.dylib
0x00007fff76e62000 	/usr/lib/libChineseTokenizer.dylib
0x00007fff6be26000 	/System/Library/PrivateFrameworks/LanguageModeling.framework/Versions/A/LanguageModeling
0x00007fff61b66000 	/System/Library/PrivateFrameworks/CoreEmoji.framework/Versions/A/CoreEmoji
0x00007fff6bf02000 	/System/Library/PrivateFrameworks/Lexicon.framework/Versions/A/Lexicon
0x00007fff6bf45000 	/System/Library/PrivateFrameworks/LinguisticData.framework/Versions/A/LinguisticData
0x00007fff775ea000 	/usr/lib/libcmph.dylib
0x00007fff59cb1000 	/System/Library/Frameworks/ServiceManagement.framework/Versions/A/ServiceManagement
0x00007fff5f10d000 	/System/Library/PrivateFrameworks/BackgroundTaskManagement.framework/Versions/A/BackgroundTaskManagement
0x00007fff799ba000 	/usr/lib/libxslt.1.dylib
0x00007fff4d949000 	/System/Library/Frameworks/Carbon.framework/Versions/A/Frameworks/Ink.framework/Versions/A/Ink
0x00007fff74ef1000 	/System/Library/PrivateFrameworks/TextureIO.framework/Versions/A/TextureIO
0x00007fff7740b000 	/usr/lib/libate.dylib
0x00007fff62e48000 	/System/Library/PrivateFrameworks/CrashReporterSupport.framework/Versions/A/CrashReporterSupport
0x00007fff7262b000 	/System/Library/PrivateFrameworks/Sharing.framework/Versions/A/Sharing
0x00007fff5ee5f000 	/System/Library/PrivateFrameworks/AuthKit.framework/Versions/A/AuthKit
0x00007fff5e3b3000 	/System/Library/PrivateFrameworks/Apple80211.framework/Versions/A/Apple80211
0x00007fff62bf0000 	/System/Library/PrivateFrameworks/CoreUtils.framework/Versions/A/CoreUtils
0x00007fff5018c000 	/System/Library/Frameworks/CoreWLAN.framework/Versions/A/CoreWLAN
0x00007fff50b88000 	/System/Library/Frameworks/IOBluetooth.framework/Versions/A/IOBluetooth
0x00007fff70a9f000 	/System/Library/PrivateFrameworks/ProtocolBuffer.framework/Versions/A/ProtocolBuffer
0x00007fff6cea0000 	/System/Library/PrivateFrameworks/MobileKeyBag.framework/Versions/A/MobileKeyBag
0x00007fff62434000 	/System/Library/PrivateFrameworks/CorePhoneNumbers.framework/Versions/A/CorePhoneNumbers
0x00007fff5e612000 	/System/Library/PrivateFrameworks/AppleIDAuthSupport.framework/Versions/A/AppleIDAuthSupport
0x00007fff6bdf9000 	/System/Library/PrivateFrameworks/KeychainCircle.framework/Versions/A/KeychainCircle
0x00007fff70c55000 	/System/Library/PrivateFrameworks/ROCKit.framework/Versions/A/ROCKit
0x00007fff62de4000 	/System/Library/PrivateFrameworks/CoreWiFi.framework/Versions/A/CoreWiFi
0x00007fff4df17000 	/System/Library/Frameworks/CoreBluetooth.framework/Versions/A/CoreBluetooth
0x00007fff6303f000 	/System/Library/PrivateFrameworks/DebugSymbols.framework/Versions/A/DebugSymbols
0x00007fff629b0000 	/System/Library/PrivateFrameworks/CoreSymbolication.framework/Versions/A/CoreSymbolication
0x00007fff7470c000 	/System/Library/PrivateFrameworks/Symbolication.framework/Versions/A/Symbolication
0x00007fff73faf000 	/System/Library/PrivateFrameworks/SpeechRecognitionCore.framework/Versions/A/SpeechRecognitionCore
0x00007fff42a9a000 	/System/Library/CoreServices/Encodings/libJapaneseConverter.dylib
0x0000000101800000 	/usr/local/Cellar/openjdk/13.0.2+8_2/libexec/openjdk.jdk/Contents/Home/lib/server/libjvm.dylib
0x0000000100b12000 	/usr/local/Cellar/openjdk/13.0.2+8_2/libexec/openjdk.jdk/Contents/Home/lib/libverify.dylib
0x0000000100b1f000 	/usr/local/Cellar/openjdk/13.0.2+8_2/libexec/openjdk.jdk/Contents/Home/lib/libjava.dylib
0x0000000100ba5000 	/usr/local/Cellar/openjdk/13.0.2+8_2/libexec/openjdk.jdk/Contents/Home/lib/libzip.dylib
0x0000000100bae000 	/usr/local/Cellar/openjdk/13.0.2+8_2/libexec/openjdk.jdk/Contents/Home/lib/libjimage.dylib
0x0000000121a65000 	/usr/local/Cellar/openjdk/13.0.2+8_2/libexec/openjdk.jdk/Contents/Home/lib/libnio.dylib
0x0000000121a75000 	/usr/local/Cellar/openjdk/13.0.2+8_2/libexec/openjdk.jdk/Contents/Home/lib/./libnet.dylib


VM Arguments:
jvm_args: -Dfile.encoding=UTF-8 
java_command: org.apache.catalina.startup.Tomcat$1
java_class_path (initial): /Users/fukuishun/Documents/workspace-spring-tool-suite-4-4.6.0.RELEASE/SpringSample/target/classes:/Users/fukuishun/.m2/repository/org/springframework/boot/spring-boot-starter-jdbc/2.0.4.RELEASE/spring-boot-starter-jdbc-2.0.4.RELEASE.jar:/Users/fukuishun/.m2/repository/org/springframework/boot/spring-boot-starter/2.0.4.RELEASE/spring-boot-starter-2.0.4.RELEASE.jar:/Users/fukuishun/.m2/repository/org/springframework/boot/spring-boot-starter-logging/2.0.4.RELEASE/spring-boot-starter-logging-2.0.4.RELEASE.jar:/Users/fukuishun/.m2/repository/ch/qos/logback/logback-classic/1.2.3/logback-classic-1.2.3.jar:/Users/fukuishun/.m2/repository/ch/qos/logback/logback-core/1.2.3/logback-core-1.2.3.jar:/Users/fukuishun/.m2/repository/org/apache/logging/log4j/log4j-to-slf4j/2.10.0/log4j-to-slf4j-2.10.0.jar:/Users/fukuishun/.m2/repository/org/apache/logging/log4j/log4j-api/2.10.0/log4j-api-2.10.0.jar:/Users/fukuishun/.m2/repository/org/slf4j/jul-to-slf4j/1.7.25/jul-to-slf4j-1.7.25.jar:/Users/fukuishun/.m2/repository/javax/annotation/javax.annotation-api/1.3.2/javax.annotation-api-1.3.2.jar:/Users/fukuishun/.m2/repository/org/yaml/snakeyaml/1.19/snakeyaml-1.19.jar:/Users/fukuishun/.m2/repository/com/zaxxer/HikariCP/2.7.9/HikariCP-2.7.9.jar:/Users/fukuishun/.m2/repository/org/springframework/spring-jdbc/5.0.8.RELEASE/spring-jdbc-5.0.8.RELEASE.jar:/Users/fukuishun/.m2/repository/org/springframework/spring-tx/5.0.8.RELEASE/spring-tx-5.0.8.RELEASE.jar:/Users/fukuishun/.m2/repository/org/springframework/boot/spring-boot-starter-thymeleaf/2.0.4.RELEASE/spring-boot-starter-thymeleaf-2.0.4.RELEASE.jar:/Users/fukuishun/.m2/repository/org/thymeleaf/thymeleaf-spring5/3.0.9.RELEASE/thymeleaf-spring5-3.0.9.RELEASE.jar:/Users/fukuishun/.m2/repository/org/thymeleaf/thymeleaf/3.0.9.RELEASE/thymeleaf-3.0.9.RELEASE.jar:/Users/fukuishun/.m2/repository/org/attoparser/attoparser/2.0.4.RELEASE/attoparser-2.0.4.RELEASE.jar:/Users/fukuishun/.m2/repository/org/unbescape/unbescape/
Launcher Type: SUN_STANDARD

[Global flags]
     intx CICompilerCount                          = 3                                         {product} {ergonomic}
     uint ConcGCThreads                            = 1                                         {product} {ergonomic}
     uint G1ConcRefinementThreads                  = 4                                         {product} {ergonomic}
   size_t G1HeapRegionSize                         = 1048576                                   {product} {ergonomic}
    uintx GCDrainStackTargetSize                   = 64                                        {product} {ergonomic}
   size_t InitialHeapSize                          = 134217728                                 {product} {ergonomic}
   size_t MarkStackSize                            = 4194304                                   {product} {ergonomic}
   size_t MaxHeapSize                              = 2147483648                                {product} {ergonomic}
   size_t MaxNewSize                               = 1287651328                                {product} {ergonomic}
   size_t MinHeapDeltaBytes                        = 1048576                                   {product} {ergonomic}
   size_t MinHeapSize                              = 8388608                                   {product} {ergonomic}
    uintx NonNMethodCodeHeapSize                   = 5832780                                {pd product} {ergonomic}
    uintx NonProfiledCodeHeapSize                  = 122912730                              {pd product} {ergonomic}
    uintx ProfiledCodeHeapSize                     = 122912730                              {pd product} {ergonomic}
    uintx ReservedCodeCacheSize                    = 251658240                              {pd product} {ergonomic}
     bool SegmentedCodeCache                       = true                                      {product} {ergonomic}
   size_t SoftMaxHeapSize                          = 2147483648                             {manageable} {ergonomic}
     bool UseCompressedClassPointers               = true                                 {lp64_product} {ergonomic}
     bool UseCompressedOops                        = true                                 {lp64_product} {ergonomic}
     bool UseG1GC                                  = true                                      {product} {ergonomic}

Logging:
Log output configuration:
 #0: stdout all=warning uptime,level,tags
 #1: stderr all=off uptime,level,tags

Environment Variables:
PATH=/usr/bin:/bin:/usr/sbin:/sbin
SHELL=/bin/bash

Signal Handlers:
SIGSEGV: [libjvm.dylib+0x7f0282], sa_mask[0]=11111111011111110111111111111111, sa_flags=SA_ONSTACK|SA_RESTART|SA_SIGINFO
SIGBUS: [libjvm.dylib+0x7f0282], sa_mask[0]=11111111011111110111111111111111, sa_flags=SA_RESTART|SA_SIGINFO
SIGFPE: [libjvm.dylib+0x7f0282], sa_mask[0]=11111111011111110111111111111111, sa_flags=SA_RESTART|SA_SIGINFO
SIGPIPE: [libjvm.dylib+0x6357e1], sa_mask[0]=11111111011111110111111111111111, sa_flags=SA_RESTART|SA_SIGINFO
SIGXFSZ: [libjvm.dylib+0x6357e1], sa_mask[0]=11111111011111110111111111111111, sa_flags=SA_RESTART|SA_SIGINFO
SIGILL: [libjvm.dylib+0x7f0282], sa_mask[0]=11111111011111110111111111111111, sa_flags=SA_RESTART|SA_SIGINFO
SIGUSR2: [libjvm.dylib+0x635db6], sa_mask[0]=00100000000000000000000000000000, sa_flags=SA_RESTART|SA_SIGINFO
SIGHUP: [libjvm.dylib+0x634daf], sa_mask[0]=11111111011111110111111111111111, sa_flags=SA_RESTART|SA_SIGINFO
SIGINT: [libjvm.dylib+0x634daf], sa_mask[0]=11111111011111110111111111111111, sa_flags=SA_RESTART|SA_SIGINFO
SIGTERM: [libjvm.dylib+0x634daf], sa_mask[0]=11111111011111110111111111111111, sa_flags=SA_RESTART|SA_SIGINFO
SIGQUIT: [libjvm.dylib+0x634daf], sa_mask[0]=11111111011111110111111111111111, sa_flags=SA_RESTART|SA_SIGINFO


---------------  S Y S T E M  ---------------

OS:uname:Darwin 18.7.0 Darwin Kernel Version 18.7.0: Thu Jan 23 06:52:12 PST 2020; root:xnu-4903.278.25~1/RELEASE_X86_64 x86_64
rlimit: STACK 8192k, CORE 0k, NPROC 709, NOFILE 10240, AS infinity, DATA infinity, FSIZE infinity
load average:3.16 6.65 8.82

CPU:total 4 (initial active 4) (2 cores per cpu, 2 threads per core) family 6 model 142 stepping 9, cmov, cx8, fxsr, mmx, sse, sse2, sse3, ssse3, sse4.1, sse4.2, popcnt, avx, avx2, aes, clmul, erms, 3dnowpref, lzcnt, ht, tsc, tscinvbit, bmi1, bmi2, adx, fma

Memory: 4k page, physical 8388608k(24368k free), swap 0k(0k free)

vm_info: OpenJDK 64-Bit Server VM (13.0.2+8) for bsd-amd64 JRE (13.0.2+8), built on Feb  6 2020 02:06:57 by "brew" with clang 4.2.1 Compatible Apple LLVM 11.0.0 (clang-1100.0.33.17)

END.
